                   :-) GROMACS - gmx mdrun, 2023.3-spack (-:

Copyright 1991-2023 The GROMACS Authors.
GROMACS is free software; you can redistribute it and/or modify it
under the terms of the GNU Lesser General Public License
as published by the Free Software Foundation; either version 2.1
of the License, or (at your option) any later version.

                         Current GROMACS contributors:
       Mark Abraham           Andrey Alekseenko           Cathrine Bergh      
      Christian Blau            Eliane Briand             Mahesh Doijade      
    Stefan Fleischmann           Vytas Gapsys              Gaurav Garg        
      Sergey Gorelov         Gilles Gouaillardet            Alan Gray         
     M. Eric Irrgang         Farzaneh Jalalypour            Joe Jordan        
    Christoph Junghans        Prashanth Kanduri          Sebastian Keller     
     Carsten Kutzner           Justin A. Lemkul          Magnus Lundborg      
       Pascal Merz              Vedran Miletic            Dmitry Morozov      
       Szilard Pall             Roland Schulz             Michael Shirts      
     Alexey Shvetsov            Balint Soproni         David van der Spoel    
      Philip Turner             Carsten Uphoff           Alessandra Villa     
 Sebastian Wingbermuehle        Artem Zhmurov       

                         Previous GROMACS contributors:
        Emile Apol             Rossen Apostolov           James Barnett       
  Herman J.C. Berendsen          Par Bjelkmar           Viacheslav Bolnykh    
        Kevin Boyd            Aldert van Buuren          Carlo Camilloni      
     Rudi van Drunen            Anton Feenstra           Oliver Fleetwood     
     Gerrit Groenhof            Bert de Groot             Anca Hamuraru       
    Vincent Hindriksen          Victor Holanda           Aleksei Iupinov      
   Dimitrios Karkoulis           Peter Kasson             Sebastian Kehl      
        Jiri Kraus               Per Larsson              Viveca Lindahl      
      Erik Marklund           Pieter Meulenhoff           Teemu Murtola       
       Sander Pronk             Alfons Sijbers            Peter Tieleman      
       Jon Vincent             Teemu Virolainen         Christian Wennberg    
       Maarten Wolf       

                  Coordinated by the GROMACS project leaders:
                    Paul Bauer, Berk Hess, and Erik Lindahl

GROMACS:      gmx mdrun, version 2023.3-spack
Executable:   /anfhome/spack/opt/spack/__spack_path_placeholder__/__spack_path_placeholder__/__spack_path_placeholder__/__spack_path_placehold/linux-almalinux8-zen2/aocc-4.1.0/gromacs-2023.3-nhvjiqsnx36hhevikcic6nw7qvylwtj5/bin/gmx_mpi
Data prefix:  /anfhome/spack/opt/spack/__spack_path_placeholder__/__spack_path_placeholder__/__spack_path_placeholder__/__spack_path_placehold/linux-almalinux8-zen2/aocc-4.1.0/gromacs-2023.3-nhvjiqsnx36hhevikcic6nw7qvylwtj5
Working dir:  /anfhome/ytao/biosim/FE_workflow_Test/AFE/Prep/ejm55/com
Process ID:   214707
Command line:
  gmx_mpi mdrun -ntomp 1 -deffnm 02_nvt_all/02_nvt_all -c 02_nvt_all/02_nvt_all_out.gro

GROMACS version:    2023.3-spack
Precision:          mixed
Memory model:       64 bit
MPI library:        MPI
OpenMP support:     enabled (GMX_OPENMP_MAX_THREADS = 128)
GPU support:        disabled
SIMD instructions:  AVX2_256
CPU FFT library:    Intel MKL version 2023.0.2 Build 20230613
GPU FFT library:    none
Multi-GPU FFT:      none
RDTSCP usage:       enabled
TNG support:        enabled
Hwloc support:      hwloc-2.9.1
Tracing support:    disabled
C compiler:         /anfhome/spack/lib/spack/env/aocc/clang Clang 16.0.3
C compiler flags:   -mavx2 -mfma -Wno-missing-field-initializers -pthread -O3 -DNDEBUG
C++ compiler:       /anfhome/spack/lib/spack/env/aocc/clang++ Clang 16.0.3
C++ compiler flags: -mavx2 -mfma -Wno-reserved-identifier -Wno-missing-field-initializers -Weverything -Wno-c++98-compat -Wno-c++98-compat-pedantic -Wno-source-uses-openmp -Wno-c++17-extensions -Wno-documentation-unknown-command -Wno-covered-switch-default -Wno-switch-enum -Wno-extra-semi-stmt -Wno-weak-vtables -Wno-shadow -Wno-padded -Wno-reserved-id-macro -Wno-double-promotion -Wno-exit-time-destructors -Wno-global-constructors -Wno-documentation -Wno-format-nonliteral -Wno-used-but-marked-unused -Wno-float-equal -Wno-conditional-uninitialized -Wno-conversion -Wno-disabled-macro-expansion -Wno-unused-macros -Wno-unsafe-buffer-usage -pthread -Wno-cast-function-type-strict -fopenmp=libomp -O3 -DNDEBUG
BLAS library:       External - user-supplied
LAPACK library:     External - user-supplied


Running on 1 node with total 10 cores, 10 processing units
Hardware detected on host bsc120c-pg0-4 (the node of MPI rank 0):
  CPU info:
    Vendor: AMD
    Brand:  AMD EPYC 7V12 64-Core Processor                
    Family: 23   Model: 49   Stepping: 0
    Features: aes amd apic avx avx2 clfsh cmov cx8 cx16 f16c fma htt lahf misalignsse mmx msr nonstop_tsc pclmuldq pdpe1gb popcnt pse rdrnd rdtscp sha sse2 sse3 sse4a sse4.1 sse4.2 ssse3
  Hardware topology: Full, with devices
    Packages, cores, and logical processors:
    [indices refer to OS logical processors]
      Package  0:
      Package  1: [  80] [  81] [  82] [  83] [  84] [  85] [  86] [  87] [  88] [  89]
    CPU limit set by OS: -1   Recommended max number of threads: 10
    Numa nodes:
      Node  0 (120374194176 bytes mem):
      Node  1 (120486957056 bytes mem):
      Node  2 (120486957056 bytes mem):  80  81  82  83  84  85  86  87  88  89
      Node  3 (120486060032 bytes mem):
      Latency:
               0     1     2     3
         0  1.00  1.20  3.20  3.20
         1  1.20  1.00  3.20  3.20
         2  3.20  3.20  1.00  1.20
         3  3.20  3.20  1.20  1.00
    Caches:
      L1: 32768 bytes, linesize 64 bytes, assoc. 8, shared 1 ways
      L2: 524288 bytes, linesize 64 bytes, assoc. 8, shared 1 ways
      L3: 16777216 bytes, linesize 64 bytes, assoc. 16, shared 1 ways
    PCI devices:
      4e9f:00:00.0  Id: 1414:b111  Class: 0x0108  Numa: 0
      6743:00:02.0  Id: 15b3:1016  Class: 0x0200  Numa: 0
      0101:00:00.0  Id: 15b3:101c  Class: 0x0207  Numa: 1


++++ PLEASE READ AND CITE THE FOLLOWING REFERENCE ++++
M. J. Abraham, T. Murtola, R. Schulz, S. Páll, J. C. Smith, B. Hess, E.
Lindahl
GROMACS: High performance molecular simulations through multi-level
parallelism from laptops to supercomputers
SoftwareX 1 (2015) pp. 19-25
-------- -------- --- Thank You --- -------- --------


++++ PLEASE READ AND CITE THE FOLLOWING REFERENCE ++++
S. Páll, M. J. Abraham, C. Kutzner, B. Hess, E. Lindahl
Tackling Exascale Software Challenges in Molecular Dynamics Simulations with
GROMACS
In S. Markidis & E. Laure (Eds.), Solving Software Challenges for Exascale 8759 (2015) pp. 3-27
-------- -------- --- Thank You --- -------- --------


++++ PLEASE READ AND CITE THE FOLLOWING REFERENCE ++++
S. Pronk, S. Páll, R. Schulz, P. Larsson, P. Bjelkmar, R. Apostolov, M. R.
Shirts, J. C. Smith, P. M. Kasson, D. van der Spoel, B. Hess, and E. Lindahl
GROMACS 4.5: a high-throughput and highly parallel open source molecular
simulation toolkit
Bioinformatics 29 (2013) pp. 845-54
-------- -------- --- Thank You --- -------- --------


++++ PLEASE READ AND CITE THE FOLLOWING REFERENCE ++++
B. Hess and C. Kutzner and D. van der Spoel and E. Lindahl
GROMACS 4: Algorithms for highly efficient, load-balanced, and scalable
molecular simulation
J. Chem. Theory Comput. 4 (2008) pp. 435-447
-------- -------- --- Thank You --- -------- --------


++++ PLEASE READ AND CITE THE FOLLOWING REFERENCE ++++
D. van der Spoel, E. Lindahl, B. Hess, G. Groenhof, A. E. Mark and H. J. C.
Berendsen
GROMACS: Fast, Flexible and Free
J. Comp. Chem. 26 (2005) pp. 1701-1719
-------- -------- --- Thank You --- -------- --------


++++ PLEASE READ AND CITE THE FOLLOWING REFERENCE ++++
E. Lindahl and B. Hess and D. van der Spoel
GROMACS 3.0: A package for molecular simulation and trajectory analysis
J. Mol. Mod. 7 (2001) pp. 306-317
-------- -------- --- Thank You --- -------- --------


++++ PLEASE READ AND CITE THE FOLLOWING REFERENCE ++++
H. J. C. Berendsen, D. van der Spoel and R. van Drunen
GROMACS: A message-passing parallel molecular dynamics implementation
Comp. Phys. Comm. 91 (1995) pp. 43-56
-------- -------- --- Thank You --- -------- --------

Input Parameters:
   integrator                     = md
   tinit                          = 0
   dt                             = 0.002
   nsteps                         = 2500
   init-step                      = 0
   simulation-part                = 1
   mts                            = false
   comm-mode                      = Linear
   nstcomm                        = 100
   bd-fric                        = 0
   ld-seed                        = 1982784509
   emtol                          = 10
   emstep                         = 0.01
   niter                          = 20
   fcstep                         = 0
   nstcgsteep                     = 1000
   nbfgscorr                      = 10
   rtpi                           = 0.05
   nstxout                        = 0
   nstvout                        = 0
   nstfout                        = 0
   nstlog                         = 100
   nstcalcenergy                  = 100
   nstenergy                      = 100
   nstxout-compressed             = 500
   compressed-x-precision         = 1000
   cutoff-scheme                  = Verlet
   nstlist                        = 20
   pbc                            = xyz
   periodic-molecules             = false
   verlet-buffer-tolerance        = 0.005
   rlist                          = 0.834
   coulombtype                    = PME
   coulomb-modifier               = Potential-shift
   rcoulomb-switch                = 0
   rcoulomb                       = 0.8
   epsilon-r                      = 1
   epsilon-rf                     = inf
   vdw-type                       = Cut-off
   vdw-modifier                   = Potential-shift
   rvdw-switch                    = 0
   rvdw                           = 0.8
   DispCorr                       = EnerPres
   table-extension                = 1
   fourierspacing                 = 0.12
   fourier-nx                     = 72
   fourier-ny                     = 72
   fourier-nz                     = 72
   pme-order                      = 4
   ewald-rtol                     = 1e-05
   ewald-rtol-lj                  = 0.001
   lj-pme-comb-rule               = Geometric
   ewald-geometry                 = 3d
   epsilon-surface                = 0
   ensemble-temperature-setting   = variable
   ensemble-temperature           = -1
   tcoupl                         = V-rescale
   nsttcouple                     = 100
   nh-chain-length                = 0
   print-nose-hoover-chain-variables = false
   pcoupl                         = No
   pcoupltype                     = Isotropic
   nstpcouple                     = -1
   tau-p                          = 1
   compressibility (3x3):
      compressibility[    0]={ 0.00000e+00,  0.00000e+00,  0.00000e+00}
      compressibility[    1]={ 0.00000e+00,  0.00000e+00,  0.00000e+00}
      compressibility[    2]={ 0.00000e+00,  0.00000e+00,  0.00000e+00}
   ref-p (3x3):
      ref-p[    0]={ 0.00000e+00,  0.00000e+00,  0.00000e+00}
      ref-p[    1]={ 0.00000e+00,  0.00000e+00,  0.00000e+00}
      ref-p[    2]={ 0.00000e+00,  0.00000e+00,  0.00000e+00}
   refcoord-scaling               = COM
   posres-com (3):
      posres-com[0]= 5.02917e-01
      posres-com[1]= 5.61913e-01
      posres-com[2]= 5.36425e-01
   posres-comB (3):
      posres-comB[0]= 5.02917e-01
      posres-comB[1]= 5.61913e-01
      posres-comB[2]= 5.36425e-01
   QMMM                           = false
qm-opts:
   ngQM                           = 0
   constraint-algorithm           = Lincs
   continuation                   = false
   Shake-SOR                      = false
   shake-tol                      = 0.0001
   lincs-order                    = 4
   lincs-iter                     = 1
   lincs-warnangle                = 30
   nwall                          = 0
   wall-type                      = 9-3
   wall-r-linpot                  = -1
   wall-atomtype[0]               = -1
   wall-atomtype[1]               = -1
   wall-density[0]                = 0
   wall-density[1]                = 0
   wall-ewald-zfac                = 3
   pull                           = false
   awh                            = false
   rotation                       = false
   interactiveMD                  = false
   disre                          = No
   disre-weighting                = Conservative
   disre-mixed                    = false
   dr-fc                          = 1000
   dr-tau                         = 0
   nstdisreout                    = 100
   orire-fc                       = 0
   orire-tau                      = 0
   nstorireout                    = 100
   free-energy                    = no
   cos-acceleration               = 0
   deform (3x3):
      deform[    0]={ 0.00000e+00,  0.00000e+00,  0.00000e+00}
      deform[    1]={ 0.00000e+00,  0.00000e+00,  0.00000e+00}
      deform[    2]={ 0.00000e+00,  0.00000e+00,  0.00000e+00}
   simulated-tempering            = false
   swapcoords                     = no
   userint1                       = 0
   userint2                       = 0
   userint3                       = 0
   userint4                       = 0
   userreal1                      = 0
   userreal2                      = 0
   userreal3                      = 0
   userreal4                      = 0
   applied-forces:
     electric-field:
       x:
         E0                       = 0
         omega                    = 0
         t0                       = 0
         sigma                    = 0
       y:
         E0                       = 0
         omega                    = 0
         t0                       = 0
         sigma                    = 0
       z:
         E0                       = 0
         omega                    = 0
         t0                       = 0
         sigma                    = 0
     density-guided-simulation:
       active                     = false
       group                      = protein
       similarity-measure         = inner-product
       atom-spreading-weight      = unity
       force-constant             = 1e+09
       gaussian-transform-spreading-width = 0.2
       gaussian-transform-spreading-range-in-multiples-of-width = 4
       reference-density-filename = reference.mrc
       nst                        = 1
       normalize-densities        = true
       adaptive-force-scaling     = false
       adaptive-force-scaling-time-constant = 4
       shift-vector               = 
       transformation-matrix      = 
     qmmm-cp2k:
       active                     = false
       qmgroup                    = System
       qmmethod                   = PBE
       qmfilenames                = 
       qmcharge                   = 0
       qmmultiplicity             = 1
grpopts:
   nrdf:      114534
   ref-t:         300
   tau-t:           1
annealing:      Single
annealing-npoints:           2
annealing-time [0]:	         0.0         5.0
annealing-temp [0]:	         0.0       300.0
   acc:	           0           0           0
   nfreeze:           N           N           N
   energygrp-flags[  0]: 0

Changing nstlist from 20 to 40, rlist from 0.834 to 0.902

Update groups can not be used for this system because atoms that are (in)directly constrained together are interdispersed with other atoms

Initializing Domain Decomposition on 10 ranks
Dynamic load balancing: auto
Minimum cell size due to atom displacement: 0.422 nm
Initial maximum distances in bonded interactions:
    two-body bonded interactions: 0.424 nm, LJ-14, atoms 1425 1433
  multi-body bonded interactions: 0.424 nm, Proper Dih., atoms 1425 1433
Minimum cell size due to bonded interactions: 0.467 nm
Maximum distance for 5 constraints, at 120 deg. angles, all-trans: 0.219 nm
Estimated maximum distance required for P-LINCS: 0.219 nm
Scaling the initial minimum size with 1/0.8 (option -dds) = 1.25
Using 0 separate PME ranks because: there are too few total ranks for efficient splitting
Optimizing the DD grid for 10 cells with a minimum initial size of 0.584 nm
The maximum allowed number of cells is: X 14 Y 14 Z 14
Domain decomposition grid 5 x 2 x 1, separate PME ranks 0
PME domain decomposition: 5 x 2 x 1
Domain decomposition rank 0, coordinates 0 0 0

The initial number of communication pulses is: X 1 Y 1
The initial domain decomposition cell size is: X 1.66 nm Y 4.15 nm

The maximum allowed distance for atoms involved in interactions is:
                 non-bonded interactions           0.902 nm
            two-body bonded interactions  (-rdd)   0.902 nm
          multi-body bonded interactions  (-rdd)   0.902 nm
  atoms separated by up to 5 constraints  (-rcon)  1.661 nm

When dynamic load balancing gets turned on, these settings will change to:
The maximum number of communication pulses is: X 1 Y 1
The minimum size for domain decomposition cells is 0.902 nm
The requested allowed shrink of DD cells (option -dds) is: 0.80
The allowed shrink of domain decomposition cells is: X 0.54 Y 0.22
The maximum allowed distance for atoms involved in interactions is:
                 non-bonded interactions           0.902 nm
            two-body bonded interactions  (-rdd)   0.902 nm
          multi-body bonded interactions  (-rdd)   0.902 nm
  atoms separated by up to 5 constraints  (-rcon)  0.902 nm

Using 10 MPI processes

Non-default thread affinity set, disabling internal thread affinity

Using 1 OpenMP thread per MPI process

System total charge: -0.000
Will do PME sum in reciprocal space for electrostatic interactions.

++++ PLEASE READ AND CITE THE FOLLOWING REFERENCE ++++
U. Essmann, L. Perera, M. L. Berkowitz, T. Darden, H. Lee and L. G. Pedersen 
A smooth particle mesh Ewald method
J. Chem. Phys. 103 (1995) pp. 8577-8592
-------- -------- --- Thank You --- -------- --------

Using a Gaussian width (1/beta) of 0.25613 nm for Ewald
Potential shift: LJ r^-12: -1.455e+01 r^-6: -3.815e+00, Ewald -1.250e-05
Initialized non-bonded Coulomb Ewald tables, spacing: 8.35e-04 size: 960

Generated table with 951 data points for 1-4 COUL.
Tabscale = 500 points/nm
Generated table with 951 data points for 1-4 LJ6.
Tabscale = 500 points/nm
Generated table with 951 data points for 1-4 LJ12.
Tabscale = 500 points/nm
Long Range LJ corr.: <C6> 3.1792e-04


Using SIMD 4x8 nonbonded short-range kernels

Using a dual 4x8 pair-list setup updated with dynamic pruning:
  outer list: updated every 40 steps, buffer 0.102 nm, rlist 0.902 nm
  inner list: updated every 11 steps, buffer 0.003 nm, rlist 0.803 nm
At tolerance 0.005 kJ/mol/ps per atom, equivalent classical 1x1 list would be:
  outer list: updated every 40 steps, buffer 0.211 nm, rlist 1.011 nm
  inner list: updated every 11 steps, buffer 0.041 nm, rlist 0.841 nm

The non-bonded pair calculation algorithm tolerates a few missing pair interactions close to the cut-off. This can lead to a systematic overestimation of the pressure due to missing LJ interactions. The error in the average pressure due to missing LJ interactions is at most 0.79 bar.
The pressure error can be controlled by setting the environment variable GMX_VERLET_BUFFER_PRESSURE_TOLERANCE to the allowed error in units of bar.

Using Lorentz-Berthelot Lennard-Jones combination rule
Removing pbc first time

Linking all bonded interactions to atoms


Initializing Parallel LINear Constraint Solver

++++ PLEASE READ AND CITE THE FOLLOWING REFERENCE ++++
B. Hess
P-LINCS: A Parallel Linear Constraint Solver for molecular simulation
J. Chem. Theory Comput. 4 (2008) pp. 116-122
-------- -------- --- Thank You --- -------- --------

The number of constraints is 2319
There are constraints between atoms in different decomposition domains,
will communicate selected coordinates each lincs iteration

++++ PLEASE READ AND CITE THE FOLLOWING REFERENCE ++++
S. Miyamoto and P. A. Kollman
SETTLE: An Analytical Version of the SHAKE and RATTLE Algorithms for Rigid
Water Models
J. Comp. Chem. 13 (1992) pp. 952-962
-------- -------- --- Thank You --- -------- --------


Intra-simulation communication will occur every 100 steps.

++++ PLEASE READ AND CITE THE FOLLOWING REFERENCE ++++
G. Bussi, D. Donadio and M. Parrinello
Canonical sampling through velocity rescaling
J. Chem. Phys. 126 (2007) pp. 014101
-------- -------- --- Thank You --- -------- --------

There are: 56037 Atoms
Atom distribution over 10 domains: av 5603 stddev 149 min 5349 max 5769

Constraining the starting coordinates (step 0)

Constraining the coordinates at t0-dt (step 0)
Center of mass motion removal mode is Linear
We have the following groups for center of mass motion removal:
  0:  rest
RMS relative constraint deviation after constraining: 1.15e-06
Initial temperature: 3.80215e-07 K

Started mdrun on rank 0 Fri Aug 16 23:03:00 2024

           Step           Time
              0        0.00000

Current ref_t for group System:      0.0

   Energies (kJ/mol)
           Bond          Angle    Proper Dih. Per. Imp. Dih.          LJ-14
    7.38057e+02    3.19186e+03    1.33633e+04    1.43587e+02    3.97147e+03
     Coulomb-14        LJ (SR)  Disper. corr.   Coulomb (SR)   Coul. recip.
    4.81686e+04    1.45691e+05   -1.42211e+04   -1.13875e+06    9.18977e+03
 Position Rest.      Potential    Kinetic En.   Total Energy  Conserved En.
    1.36532e+00   -9.28515e+05    1.95062e+01   -9.28495e+05   -9.28495e+05
    Temperature Pres. DC (bar) Pressure (bar)   Constr. rmsd
    4.09670e-02   -4.13147e+02   -4.46039e+03    1.19727e-06


DD  step 39 load imb.: force  9.7%

step 80 Turning on dynamic load balancing, because the performance loss due to load imbalance is 5.1 %.
           Step           Time
            100        0.20000

Current ref_t for group System:     12.0

   Energies (kJ/mol)
           Bond          Angle    Proper Dih. Per. Imp. Dih.          LJ-14
    6.90584e+02    3.18724e+03    1.33581e+04    1.40715e+02    3.97232e+03
     Coulomb-14        LJ (SR)  Disper. corr.   Coulomb (SR)   Coul. recip.
    4.81693e+04    1.47113e+05   -1.42211e+04   -1.14161e+06    9.04276e+03
 Position Rest.      Potential    Kinetic En.   Total Energy  Conserved En.
    1.87982e+01   -9.30135e+05    1.63597e+03   -9.28499e+05   -9.28503e+05
    Temperature Pres. DC (bar) Pressure (bar)   Constr. rmsd
    3.43586e+00   -4.13147e+02   -4.35225e+03    1.26617e-06


DD  step 199  vol min/aver 0.932  load imb.: force  4.8%
           Step           Time
            200        0.40000

Current ref_t for group System:     24.0

   Energies (kJ/mol)
           Bond          Angle    Proper Dih. Per. Imp. Dih.          LJ-14
    6.96535e+02    3.18744e+03    1.33441e+04    1.41610e+02    3.98016e+03
     Coulomb-14        LJ (SR)  Disper. corr.   Coulomb (SR)   Coul. recip.
    4.81757e+04    1.48746e+05   -1.42211e+04   -1.14394e+06    8.78464e+03
 Position Rest.      Potential    Kinetic En.   Total Energy  Conserved En.
    5.01609e+01   -9.31053e+05    3.32812e+03   -9.27725e+05   -9.28500e+05
    Temperature Pres. DC (bar) Pressure (bar)   Constr. rmsd
    6.98972e+00   -4.13147e+02   -4.16352e+03    1.26446e-06

           Step           Time
            300        0.60000

Current ref_t for group System:     36.0

   Energies (kJ/mol)
           Bond          Angle    Proper Dih. Per. Imp. Dih.          LJ-14
    7.02703e+02    3.20145e+03    1.33511e+04    1.40876e+02    3.98053e+03
     Coulomb-14        LJ (SR)  Disper. corr.   Coulomb (SR)   Coul. recip.
    4.81720e+04    1.49582e+05   -1.42211e+04   -1.14477e+06    8.57436e+03
 Position Rest.      Potential    Kinetic En.   Total Energy  Conserved En.
    6.51703e+01   -9.31219e+05    4.99365e+03   -9.26225e+05   -9.28499e+05
    Temperature Pres. DC (bar) Pressure (bar)   Constr. rmsd
    1.04877e+01   -4.13147e+02   -4.00885e+03    1.32486e-06


DD  step 399  vol min/aver 0.932  load imb.: force  1.4%
           Step           Time
            400        0.80000

Current ref_t for group System:     48.0

   Energies (kJ/mol)
           Bond          Angle    Proper Dih. Per. Imp. Dih.          LJ-14
    7.18502e+02    3.21722e+03    1.33481e+04    1.42687e+02    3.98270e+03
     Coulomb-14        LJ (SR)  Disper. corr.   Coulomb (SR)   Coul. recip.
    4.81726e+04    1.51052e+05   -1.42211e+04   -1.14607e+06    8.41667e+03
 Position Rest.      Potential    Kinetic En.   Total Energy  Conserved En.
    9.94469e+01   -9.31138e+05    7.11852e+03   -9.24019e+05   -9.28496e+05
    Temperature Pres. DC (bar) Pressure (bar)   Constr. rmsd
    1.49504e+01   -4.13147e+02   -3.85510e+03    1.31824e-06

           Step           Time
            500        1.00000

Current ref_t for group System:     60.0

   Energies (kJ/mol)
           Bond          Angle    Proper Dih. Per. Imp. Dih.          LJ-14
    7.20363e+02    3.23717e+03    1.33546e+04    1.43404e+02    3.98175e+03
     Coulomb-14        LJ (SR)  Disper. corr.   Coulomb (SR)   Coul. recip.
    4.81752e+04    1.51732e+05   -1.42211e+04   -1.14599e+06    8.31134e+03
 Position Rest.      Potential    Kinetic En.   Total Energy  Conserved En.
    1.15109e+02   -9.30437e+05    9.25528e+03   -9.21182e+05   -9.28495e+05
    Temperature Pres. DC (bar) Pressure (bar)   Constr. rmsd
    1.94380e+01   -4.13147e+02   -3.72948e+03    1.38448e-06


DD  step 599  vol min/aver 0.929  load imb.: force  1.0%
           Step           Time
            600        1.20000

Current ref_t for group System:     72.0

   Energies (kJ/mol)
           Bond          Angle    Proper Dih. Per. Imp. Dih.          LJ-14
    7.23153e+02    3.26136e+03    1.33702e+04    1.44262e+02    3.98570e+03
     Coulomb-14        LJ (SR)  Disper. corr.   Coulomb (SR)   Coul. recip.
    4.81685e+04    1.52410e+05   -1.42211e+04   -1.14570e+06    8.21229e+03
 Position Rest.      Potential    Kinetic En.   Total Energy  Conserved En.
    1.54474e+02   -9.29486e+05    1.18189e+04   -9.17667e+05   -9.28493e+05
    Temperature Pres. DC (bar) Pressure (bar)   Constr. rmsd
    2.48221e+01   -4.13147e+02   -3.51891e+03    1.44016e-06

           Step           Time
            700        1.40000

Current ref_t for group System:     84.0

   Energies (kJ/mol)
           Bond          Angle    Proper Dih. Per. Imp. Dih.          LJ-14
    7.42610e+02    3.25474e+03    1.33568e+04    1.47994e+02    3.98406e+03
     Coulomb-14        LJ (SR)  Disper. corr.   Coulomb (SR)   Coul. recip.
    4.81643e+04    1.52805e+05   -1.42211e+04   -1.14425e+06    8.19165e+03
 Position Rest.      Potential    Kinetic En.   Total Energy  Conserved En.
    1.79080e+02   -9.27644e+05    1.40680e+04   -9.13576e+05   -9.28492e+05
    Temperature Pres. DC (bar) Pressure (bar)   Constr. rmsd
    2.95457e+01   -4.13147e+02   -3.47096e+03    1.42705e-06


DD  step 799  vol min/aver 0.918  load imb.: force  1.6%
           Step           Time
            800        1.60000

Current ref_t for group System:     96.0

   Energies (kJ/mol)
           Bond          Angle    Proper Dih. Per. Imp. Dih.          LJ-14
    7.59087e+02    3.27896e+03    1.33744e+04    1.41223e+02    3.99754e+03
     Coulomb-14        LJ (SR)  Disper. corr.   Coulomb (SR)   Coul. recip.
    4.81466e+04    1.53490e+05   -1.42211e+04   -1.14332e+06    8.07011e+03
 Position Rest.      Potential    Kinetic En.   Total Energy  Conserved En.
    2.01158e+02   -9.26086e+05    1.71620e+04   -9.08925e+05   -9.28488e+05
    Temperature Pres. DC (bar) Pressure (bar)   Constr. rmsd
    3.60436e+01   -4.13147e+02   -3.19102e+03    1.51201e-06

           Step           Time
            900        1.80000

Current ref_t for group System:    108.0

   Energies (kJ/mol)
           Bond          Angle    Proper Dih. Per. Imp. Dih.          LJ-14
    7.52464e+02    3.32109e+03    1.33675e+04    1.43311e+02    3.99412e+03
     Coulomb-14        LJ (SR)  Disper. corr.   Coulomb (SR)   Coul. recip.
    4.81757e+04    1.53379e+05   -1.42211e+04   -1.14109e+06    8.11491e+03
 Position Rest.      Potential    Kinetic En.   Total Energy  Conserved En.
    2.65515e+02   -9.23796e+05    1.99613e+04   -9.03835e+05   -9.28485e+05
    Temperature Pres. DC (bar) Pressure (bar)   Constr. rmsd
    4.19228e+01   -4.13147e+02   -3.19262e+03    1.50211e-06


DD  step 999  vol min/aver 0.916  load imb.: force  0.4%
           Step           Time
           1000        2.00000

Current ref_t for group System:    120.0

   Energies (kJ/mol)
           Bond          Angle    Proper Dih. Per. Imp. Dih.          LJ-14
    7.88183e+02    3.37475e+03    1.33562e+04    1.47814e+02    3.97319e+03
     Coulomb-14        LJ (SR)  Disper. corr.   Coulomb (SR)   Coul. recip.
    4.81818e+04    1.53935e+05   -1.42211e+04   -1.13917e+06    8.04421e+03
 Position Rest.      Potential    Kinetic En.   Total Energy  Conserved En.
    2.98557e+02   -9.21292e+05    2.31494e+04   -8.98142e+05   -9.28481e+05
    Temperature Pres. DC (bar) Pressure (bar)   Constr. rmsd
    4.86185e+01   -4.13147e+02   -2.95379e+03    1.58351e-06

           Step           Time
           1100        2.20000

Current ref_t for group System:    132.0

   Energies (kJ/mol)
           Bond          Angle    Proper Dih. Per. Imp. Dih.          LJ-14
    8.04668e+02    3.39341e+03    1.33709e+04    1.53206e+02    3.98630e+03
     Coulomb-14        LJ (SR)  Disper. corr.   Coulomb (SR)   Coul. recip.
    4.80920e+04    1.54116e+05   -1.42211e+04   -1.13668e+06    8.07389e+03
 Position Rest.      Potential    Kinetic En.   Total Energy  Conserved En.
    3.70284e+02   -9.18538e+05    2.66927e+04   -8.91846e+05   -9.28481e+05
    Temperature Pres. DC (bar) Pressure (bar)   Constr. rmsd
    5.60601e+01   -4.13147e+02   -2.71013e+03    1.54924e-06


DD  step 1199  vol min/aver 0.915  load imb.: force  0.7%
           Step           Time
           1200        2.40000

Current ref_t for group System:    144.0

   Energies (kJ/mol)
           Bond          Angle    Proper Dih. Per. Imp. Dih.          LJ-14
    7.88313e+02    3.44043e+03    1.33806e+04    1.49276e+02    4.02354e+03
     Coulomb-14        LJ (SR)  Disper. corr.   Coulomb (SR)   Coul. recip.
    4.81959e+04    1.54134e+05   -1.42211e+04   -1.13358e+06    8.06223e+03
 Position Rest.      Potential    Kinetic En.   Total Energy  Conserved En.
    4.17634e+02   -9.15208e+05    2.97454e+04   -8.85463e+05   -9.28473e+05
    Temperature Pres. DC (bar) Pressure (bar)   Constr. rmsd
    6.24713e+01   -4.13147e+02   -2.41606e+03    1.63762e-06

           Step           Time
           1300        2.60000

Current ref_t for group System:    156.0

   Energies (kJ/mol)
           Bond          Angle    Proper Dih. Per. Imp. Dih.          LJ-14
    8.35188e+02    3.47937e+03    1.33717e+04    1.56092e+02    4.00933e+03
     Coulomb-14        LJ (SR)  Disper. corr.   Coulomb (SR)   Coul. recip.
    4.81289e+04    1.52974e+05   -1.42211e+04   -1.12946e+06    8.08664e+03
 Position Rest.      Potential    Kinetic En.   Total Energy  Conserved En.
    4.70530e+02   -9.12169e+05    3.36433e+04   -8.78526e+05   -9.28465e+05
    Temperature Pres. DC (bar) Pressure (bar)   Constr. rmsd
    7.06578e+01   -4.13147e+02   -2.49384e+03    1.61921e-06


DD  step 1399  vol min/aver 0.913  load imb.: force  0.9%
           Step           Time
           1400        2.80000

Current ref_t for group System:    168.0

   Energies (kJ/mol)
           Bond          Angle    Proper Dih. Per. Imp. Dih.          LJ-14
    8.51939e+02    3.50677e+03    1.34006e+04    1.60669e+02    4.01876e+03
     Coulomb-14        LJ (SR)  Disper. corr.   Coulomb (SR)   Coul. recip.
    4.81046e+04    1.53397e+05   -1.42211e+04   -1.12657e+06    8.14055e+03
 Position Rest.      Potential    Kinetic En.   Total Energy  Conserved En.
    5.34313e+02   -9.08677e+05    3.73649e+04   -8.71312e+05   -9.28457e+05
    Temperature Pres. DC (bar) Pressure (bar)   Constr. rmsd
    7.84739e+01   -4.13147e+02   -2.38635e+03    1.67637e-06

           Step           Time
           1500        3.00000

Current ref_t for group System:    180.0

   Energies (kJ/mol)
           Bond          Angle    Proper Dih. Per. Imp. Dih.          LJ-14
    8.75731e+02    3.56416e+03    1.34176e+04    1.68323e+02    4.02076e+03
     Coulomb-14        LJ (SR)  Disper. corr.   Coulomb (SR)   Coul. recip.
    4.82249e+04    1.52747e+05   -1.42211e+04   -1.12218e+06    8.15094e+03
 Position Rest.      Potential    Kinetic En.   Total Energy  Conserved En.
    6.20164e+02   -9.04615e+05    4.09703e+04   -8.63644e+05   -9.28448e+05
    Temperature Pres. DC (bar) Pressure (bar)   Constr. rmsd
    8.60460e+01   -4.13147e+02   -2.11287e+03    1.69276e-06


DD  step 1599  vol min/aver 0.916  load imb.: force  0.3%
           Step           Time
           1600        3.20000

Current ref_t for group System:    192.0

   Energies (kJ/mol)
           Bond          Angle    Proper Dih. Per. Imp. Dih.          LJ-14
    9.13845e+02    3.61229e+03    1.34343e+04    1.72587e+02    4.03283e+03
     Coulomb-14        LJ (SR)  Disper. corr.   Coulomb (SR)   Coul. recip.
    4.82041e+04    1.52895e+05   -1.42211e+04   -1.11913e+06    8.31628e+03
 Position Rest.      Potential    Kinetic En.   Total Energy  Conserved En.
    6.77357e+02   -9.01092e+05    4.54542e+04   -8.55637e+05   -9.28436e+05
    Temperature Pres. DC (bar) Pressure (bar)   Constr. rmsd
    9.54631e+01   -4.13147e+02   -1.90881e+03    1.72732e-06

           Step           Time
           1700        3.40000

Current ref_t for group System:    204.0

   Energies (kJ/mol)
           Bond          Angle    Proper Dih. Per. Imp. Dih.          LJ-14
    9.19935e+02    3.67424e+03    1.34316e+04    1.77195e+02    4.01268e+03
     Coulomb-14        LJ (SR)  Disper. corr.   Coulomb (SR)   Coul. recip.
    4.81698e+04    1.52278e+05   -1.42211e+04   -1.11391e+06    8.43500e+03
 Position Rest.      Potential    Kinetic En.   Total Energy  Conserved En.
    7.07736e+02   -8.96320e+05    4.90575e+04   -8.47262e+05   -9.28430e+05
    Temperature Pres. DC (bar) Pressure (bar)   Constr. rmsd
    1.03031e+02   -4.13147e+02   -1.79317e+03    1.74552e-06


DD  step 1799  vol min/aver 0.912  load imb.: force  0.9%
           Step           Time
           1800        3.60000

Current ref_t for group System:    216.0

   Energies (kJ/mol)
           Bond          Angle    Proper Dih. Per. Imp. Dih.          LJ-14
    9.43917e+02    3.75690e+03    1.34184e+04    1.73899e+02    4.06133e+03
     Coulomb-14        LJ (SR)  Disper. corr.   Coulomb (SR)   Coul. recip.
    4.82469e+04    1.50271e+05   -1.42211e+04   -1.10835e+06    8.52866e+03
 Position Rest.      Potential    Kinetic En.   Total Energy  Conserved En.
    7.75686e+02   -8.92395e+05    5.36934e+04   -8.38701e+05   -9.28414e+05
    Temperature Pres. DC (bar) Pressure (bar)   Constr. rmsd
    1.12767e+02   -4.13147e+02   -1.81405e+03    1.73768e-06

           Step           Time
           1900        3.80000

Current ref_t for group System:    228.0

   Energies (kJ/mol)
           Bond          Angle    Proper Dih. Per. Imp. Dih.          LJ-14
    9.78564e+02    3.74728e+03    1.34757e+04    2.04289e+02    4.05196e+03
     Coulomb-14        LJ (SR)  Disper. corr.   Coulomb (SR)   Coul. recip.
    4.81656e+04    1.49037e+05   -1.42211e+04   -1.10282e+06    8.78654e+03
 Position Rest.      Potential    Kinetic En.   Total Energy  Conserved En.
    8.44593e+02   -8.87752e+05    5.80729e+04   -8.29679e+05   -9.28404e+05
    Temperature Pres. DC (bar) Pressure (bar)   Constr. rmsd
    1.21965e+02   -4.13147e+02   -1.48097e+03    1.76572e-06


DD  step 1999  vol min/aver 0.904  load imb.: force  0.4%
           Step           Time
           2000        4.00000

Current ref_t for group System:    240.0

   Energies (kJ/mol)
           Bond          Angle    Proper Dih. Per. Imp. Dih.          LJ-14
    9.93773e+02    3.88010e+03    1.34993e+04    1.91280e+02    4.05167e+03
     Coulomb-14        LJ (SR)  Disper. corr.   Coulomb (SR)   Coul. recip.
    4.82106e+04    1.47539e+05   -1.42211e+04   -1.09674e+06    8.86457e+03
 Position Rest.      Potential    Kinetic En.   Total Energy  Conserved En.
    9.08916e+02   -8.82819e+05    6.22071e+04   -8.20612e+05   -9.28397e+05
    Temperature Pres. DC (bar) Pressure (bar)   Constr. rmsd
    1.30648e+02   -4.13147e+02   -1.57708e+03    1.74789e-06

           Step           Time
           2100        4.20000

Current ref_t for group System:    252.0

   Energies (kJ/mol)
           Bond          Angle    Proper Dih. Per. Imp. Dih.          LJ-14
    1.01455e+03    3.98646e+03    1.34959e+04    2.01974e+02    4.08689e+03
     Coulomb-14        LJ (SR)  Disper. corr.   Coulomb (SR)   Coul. recip.
    4.82605e+04    1.47310e+05   -1.42211e+04   -1.09161e+06    9.03163e+03
 Position Rest.      Potential    Kinetic En.   Total Energy  Conserved En.
    1.01944e+03   -8.77424e+05    6.63079e+04   -8.11116e+05   -9.28385e+05
    Temperature Pres. DC (bar) Pressure (bar)   Constr. rmsd
    1.39260e+02   -4.13147e+02   -1.43375e+03    1.75794e-06


DD  step 2199  vol min/aver 0.907  load imb.: force  0.6%
           Step           Time
           2200        4.40000

Current ref_t for group System:    264.0

   Energies (kJ/mol)
           Bond          Angle    Proper Dih. Per. Imp. Dih.          LJ-14
    1.12352e+03    4.06214e+03    1.35353e+04    2.15101e+02    4.05225e+03
     Coulomb-14        LJ (SR)  Disper. corr.   Coulomb (SR)   Coul. recip.
    4.82170e+04    1.46200e+05   -1.42211e+04   -1.08604e+06    9.18289e+03
 Position Rest.      Potential    Kinetic En.   Total Energy  Conserved En.
    1.03939e+03   -8.72629e+05    7.13187e+04   -8.01310e+05   -9.28385e+05
    Temperature Pres. DC (bar) Pressure (bar)   Constr. rmsd
    1.49784e+02   -4.13147e+02   -1.16097e+03    1.79973e-06

           Step           Time
           2300        4.60000

Current ref_t for group System:    276.0

   Energies (kJ/mol)
           Bond          Angle    Proper Dih. Per. Imp. Dih.          LJ-14
    1.12597e+03    4.16431e+03    1.35357e+04    2.17714e+02    4.04374e+03
     Coulomb-14        LJ (SR)  Disper. corr.   Coulomb (SR)   Coul. recip.
    4.81393e+04    1.44067e+05   -1.42211e+04   -1.07886e+06    9.48890e+03
 Position Rest.      Potential    Kinetic En.   Total Energy  Conserved En.
    1.16695e+03   -8.67136e+05    7.55676e+04   -7.91569e+05   -9.28384e+05
    Temperature Pres. DC (bar) Pressure (bar)   Constr. rmsd
    1.58707e+02   -4.13147e+02   -1.24142e+03    1.81020e-06


DD  step 2399  vol min/aver 0.912  load imb.: force  1.1%
           Step           Time
           2400        4.80000

Current ref_t for group System:    288.0

   Energies (kJ/mol)
           Bond          Angle    Proper Dih. Per. Imp. Dih.          LJ-14
    1.23170e+03    4.28354e+03    1.35488e+04    2.37167e+02    4.08108e+03
     Coulomb-14        LJ (SR)  Disper. corr.   Coulomb (SR)   Coul. recip.
    4.81827e+04    1.41058e+05   -1.42211e+04   -1.07103e+06    9.60293e+03
 Position Rest.      Potential    Kinetic En.   Total Energy  Conserved En.
    1.22801e+03   -8.61797e+05    8.04347e+04   -7.81363e+05   -9.28375e+05
    Temperature Pres. DC (bar) Pressure (bar)   Constr. rmsd
    1.68929e+02   -4.13147e+02   -1.33134e+03    1.84210e-06


DD  step 2479  vol min/aver 0.911  load imb.: force  0.8%
           Step           Time
           2500        5.00000

Writing checkpoint, step 2500 at Fri Aug 16 23:03:11 2024


Current ref_t for group System:    300.0

   Energies (kJ/mol)
           Bond          Angle    Proper Dih. Per. Imp. Dih.          LJ-14
    1.24770e+03    4.35171e+03    1.36316e+04    2.57862e+02    4.07863e+03
     Coulomb-14        LJ (SR)  Disper. corr.   Coulomb (SR)   Coul. recip.
    4.81032e+04    1.40872e+05   -1.42211e+04   -1.06487e+06    1.00507e+04
 Position Rest.      Potential    Kinetic En.   Total Energy  Conserved En.
    1.31814e+03   -8.55177e+05    8.38443e+04   -7.71333e+05   -9.28364e+05
    Temperature Pres. DC (bar) Pressure (bar)   Constr. rmsd
    1.76090e+02   -4.13147e+02   -9.95763e+02    1.81894e-06


Energy conservation over simulation part #1 of length 5 ps, time 0 to 5 ps
  Conserved energy drift: 4.68e-04 kJ/mol/ps per atom

Current ref_t for group System:    300.0

	<======  ###############  ==>
	<====  A V E R A G E S  ====>
	<==  ###############  ======>

	Statistics over 2501 steps using 26 frames

   Energies (kJ/mol)
           Bond          Angle    Proper Dih. Per. Imp. Dih.          LJ-14
    8.72367e+02    3.56217e+03    1.34189e+04    1.69774e+02    4.01597e+03
     Coulomb-14        LJ (SR)  Disper. corr.   Coulomb (SR)   Coul. recip.
    4.81737e+04    1.49955e+05   -1.42211e+04   -1.12140e+06    8.60596e+03
 Position Rest.      Potential    Kinetic En.   Total Energy  Conserved En.
    5.21077e+02   -9.06329e+05    3.56494e+04   -8.70679e+05   -9.28451e+05
    Temperature Pres. DC (bar) Pressure (bar)   Constr. rmsd
    7.48711e+01   -4.13147e+02   -2.60590e+03    0.00000e+00

   Total Virial (kJ/mol)
    5.67098e+04   -3.57830e+02   -9.98767e+02
   -3.57581e+02    5.83721e+04   -1.80092e+02
   -9.99696e+02   -1.79944e+02    5.54369e+04

   Pressure (bar)
   -2.59635e+03    2.10443e+01    6.15319e+01
    2.10299e+01   -2.69553e+03    9.67889e+00
    6.15858e+01    9.67035e+00   -2.52582e+03


	M E G A - F L O P S   A C C O U N T I N G

 NB=Group-cutoff nonbonded kernels    NxN=N-by-N cluster Verlet kernels
 RF=Reaction-Field  VdW=Van der Waals  QSTab=quadratic-spline table
 W3=SPC/TIP3p  W4=TIP4p (single or pairs)
 V&F=Potential and force  V=Potential only  F=Force only

 Computing:                               M-Number         M-Flops  % Flops
-----------------------------------------------------------------------------
 Pair Search distance check            1134.204904       10207.844     0.3
 NxN Ewald Elec. + LJ [F]             27255.813904     1798883.718    49.7
 NxN Ewald Elec. + LJ [V&F]             286.301552       30634.266     0.8
 NxN Ewald Elec. [F]                  22246.713680     1357049.534    37.5
 NxN Ewald Elec. [V&F]                  233.704944       19631.215     0.5
 1,4 nonbonded interactions              30.797314        2771.758     0.1
 Calc Weights                           420.445611       15136.042     0.4
 Spread Q Bspline                      8969.506368       17939.013     0.5
 Gather F Bspline                      8969.506368       53817.038     1.5
 3D-FFT                               34557.497472      276459.980     7.6
 Solve PME                               25.930368        1659.544     0.0
 Reset In Box                             3.530331          10.591     0.0
 CG-CoM                                   3.586368          10.759     0.0
 Bonds                                    6.054921         357.240     0.0
 Angles                                  21.391053        3593.697     0.1
 Propers                                 37.402455        8565.162     0.2
 Impropers                                2.440976         507.723     0.0
 Pos. Restr.                             11.692175         584.609     0.0
 Virial                                   1.468662          26.436     0.0
 Stop-CM                                  1.512999          15.130     0.0
 Calc-Ekin                                2.913924          78.676     0.0
 Lincs                                    6.260378         375.623     0.0
 Lincs-Mat                               33.165264         132.661     0.0
 Constraint-V                           149.614925        1346.534     0.0
 Constraint-Vir                           1.489855          35.757     0.0
 Settle                                  45.717921       16915.631     0.5
-----------------------------------------------------------------------------
 Total                                                 3616746.181   100.0
-----------------------------------------------------------------------------


    D O M A I N   D E C O M P O S I T I O N   S T A T I S T I C S

 av. #atoms communicated per step for force:  2 x 48397.4
 av. #atoms communicated per step for LINCS:  2 x 3850.3


Dynamic load balancing report:
 DLB was turned on during the run due to measured imbalance.
 Average load imbalance: 2.1%.
 The balanceable part of the MD step is 60%, load imbalance is computed from this.
 Part of the total run time spent waiting due to load imbalance: 1.3%.
 Steps where the load balancing was limited by -rdd, -rcon and/or -dds: X 0 % Y 0 %


      R E A L   C Y C L E   A N D   T I M E   A C C O U N T I N G

On 10 MPI ranks

 Activity:              Num   Num      Call    Wall time         Giga-Cycles
                        Ranks Threads  Count      (s)         total sum    %
--------------------------------------------------------------------------------
 Domain decomp.           10    1         63       0.157          3.844   1.5
 DD comm. load            10    1         31       0.000          0.006   0.0
 DD comm. bounds          10    1         21       0.001          0.014   0.0
 Neighbor search          10    1         63       0.265          6.465   2.5
 Comm. coord.             10    1       2438       0.071          1.735   0.7
 Force                    10    1       2501       5.947        145.137  57.1
 Wait + Comm. F           10    1       2501       0.091          2.227   0.9
 PME mesh                 10    1       2501       3.291         80.330  31.6
 NB X/F buffer ops.       10    1       7377       0.090          2.185   0.9
 Write traj.              10    1          6       0.021          0.504   0.2
 Update                   10    1       2501       0.042          1.025   0.4
 Constraints              10    1       2503       0.338          8.241   3.2
 Comm. energies           10    1         26       0.081          1.975   0.8
 Rest                                              0.019          0.469   0.2
--------------------------------------------------------------------------------
 Total                                            10.413        254.156 100.0
--------------------------------------------------------------------------------
 Breakdown of PME mesh activities
--------------------------------------------------------------------------------
 PME redist. X/F          10    1       5002       0.503         12.273   4.8
 PME spread               10    1       2501       0.689         16.820   6.6
 PME gather               10    1       2501       0.475         11.583   4.6
 PME 3D-FFT               10    1       5002       1.204         29.381  11.6
 PME 3D-FFT Comm.         10    1      10004       0.323          7.893   3.1
 PME solve Elec           10    1       2501       0.092          2.251   0.9
--------------------------------------------------------------------------------

               Core t (s)   Wall t (s)        (%)
       Time:      103.915       10.413      997.9
                 (ns/day)    (hour/ns)
Performance:       41.502        0.578
Finished mdrun on rank 0 Fri Aug 16 23:03:11 2024

