                   :-) GROMACS - gmx mdrun, 2023.3-spack (-:

Copyright 1991-2023 The GROMACS Authors.
GROMACS is free software; you can redistribute it and/or modify it
under the terms of the GNU Lesser General Public License
as published by the Free Software Foundation; either version 2.1
of the License, or (at your option) any later version.

                         Current GROMACS contributors:
       Mark Abraham           Andrey Alekseenko           Cathrine Bergh      
      Christian Blau            Eliane Briand             Mahesh Doijade      
    Stefan Fleischmann           Vytas Gapsys              Gaurav Garg        
      Sergey Gorelov         Gilles Gouaillardet            Alan Gray         
     M. Eric Irrgang         Farzaneh Jalalypour            Joe Jordan        
    Christoph Junghans        Prashanth Kanduri          Sebastian Keller     
     Carsten Kutzner           Justin A. Lemkul          Magnus Lundborg      
       Pascal Merz              Vedran Miletic            Dmitry Morozov      
       Szilard Pall             Roland Schulz             Michael Shirts      
     Alexey Shvetsov            Balint Soproni         David van der Spoel    
      Philip Turner             Carsten Uphoff           Alessandra Villa     
 Sebastian Wingbermuehle        Artem Zhmurov       

                         Previous GROMACS contributors:
        Emile Apol             Rossen Apostolov           James Barnett       
  Herman J.C. Berendsen          Par Bjelkmar           Viacheslav Bolnykh    
        Kevin Boyd            Aldert van Buuren          Carlo Camilloni      
     Rudi van Drunen            Anton Feenstra           Oliver Fleetwood     
     Gerrit Groenhof            Bert de Groot             Anca Hamuraru       
    Vincent Hindriksen          Victor Holanda           Aleksei Iupinov      
   Dimitrios Karkoulis           Peter Kasson             Sebastian Kehl      
        Jiri Kraus               Per Larsson              Viveca Lindahl      
      Erik Marklund           Pieter Meulenhoff           Teemu Murtola       
       Sander Pronk             Alfons Sijbers            Peter Tieleman      
       Jon Vincent             Teemu Virolainen         Christian Wennberg    
       Maarten Wolf       

                  Coordinated by the GROMACS project leaders:
                    Paul Bauer, Berk Hess, and Erik Lindahl

GROMACS:      gmx mdrun, version 2023.3-spack
Executable:   /anfhome/spack/opt/spack/__spack_path_placeholder__/__spack_path_placeholder__/__spack_path_placeholder__/__spack_path_placehold/linux-almalinux8-zen2/aocc-4.1.0/gromacs-2023.3-nhvjiqsnx36hhevikcic6nw7qvylwtj5/bin/gmx_mpi
Data prefix:  /anfhome/spack/opt/spack/__spack_path_placeholder__/__spack_path_placeholder__/__spack_path_placeholder__/__spack_path_placehold/linux-almalinux8-zen2/aocc-4.1.0/gromacs-2023.3-nhvjiqsnx36hhevikcic6nw7qvylwtj5
Working dir:  /anfhome/ytao/biosim/FE_workflow_Test/AFE/Prep/ejm31/com
Process ID:   24907
Command line:
  gmx_mpi mdrun -ntomp 1 -deffnm 02_nvt_all/02_nvt_all -c 02_nvt_all/02_nvt_all_out.gro

GROMACS version:    2023.3-spack
Precision:          mixed
Memory model:       64 bit
MPI library:        MPI
OpenMP support:     enabled (GMX_OPENMP_MAX_THREADS = 128)
GPU support:        disabled
SIMD instructions:  AVX2_256
CPU FFT library:    Intel MKL version 2023.0.2 Build 20230613
GPU FFT library:    none
Multi-GPU FFT:      none
RDTSCP usage:       enabled
TNG support:        enabled
Hwloc support:      hwloc-2.9.1
Tracing support:    disabled
C compiler:         /anfhome/spack/lib/spack/env/aocc/clang Clang 16.0.3
C compiler flags:   -mavx2 -mfma -Wno-missing-field-initializers -pthread -O3 -DNDEBUG
C++ compiler:       /anfhome/spack/lib/spack/env/aocc/clang++ Clang 16.0.3
C++ compiler flags: -mavx2 -mfma -Wno-reserved-identifier -Wno-missing-field-initializers -Weverything -Wno-c++98-compat -Wno-c++98-compat-pedantic -Wno-source-uses-openmp -Wno-c++17-extensions -Wno-documentation-unknown-command -Wno-covered-switch-default -Wno-switch-enum -Wno-extra-semi-stmt -Wno-weak-vtables -Wno-shadow -Wno-padded -Wno-reserved-id-macro -Wno-double-promotion -Wno-exit-time-destructors -Wno-global-constructors -Wno-documentation -Wno-format-nonliteral -Wno-used-but-marked-unused -Wno-float-equal -Wno-conditional-uninitialized -Wno-conversion -Wno-disabled-macro-expansion -Wno-unused-macros -Wno-unsafe-buffer-usage -pthread -Wno-cast-function-type-strict -fopenmp=libomp -O3 -DNDEBUG
BLAS library:       External - user-supplied
LAPACK library:     External - user-supplied


Running on 1 node with total 60 cores, 60 processing units
Hardware detected on host bsc120c-pg0-4 (the node of MPI rank 0):
  CPU info:
    Vendor: AMD
    Brand:  AMD EPYC 7V12 64-Core Processor                
    Family: 23   Model: 49   Stepping: 0
    Features: aes amd apic avx avx2 clfsh cmov cx8 cx16 f16c fma htt lahf misalignsse mmx msr nonstop_tsc pclmuldq pdpe1gb popcnt pse rdrnd rdtscp sha sse2 sse3 sse4a sse4.1 sse4.2 ssse3
  Hardware topology: Full, with devices
    Packages, cores, and logical processors:
    [indices refer to OS logical processors]
      Package  0: [   0] [   1] [   2] [   3] [   4] [   5] [   6] [   7] [   8] [   9] [  10] [  11] [  12] [  13] [  14] [  15] [  16] [  17] [  18] [  19] [  20] [  21] [  22] [  23] [  24] [  25] [  26] [  27] [  28] [  29] [  30] [  31] [  32] [  33] [  34] [  35] [  36] [  37] [  38] [  39] [  40] [  41] [  42] [  43] [  44] [  45] [  46] [  47] [  48] [  49] [  50] [  51] [  52] [  53] [  54] [  55] [  56] [  57] [  58] [  59]
      Package  1:
    CPU limit set by OS: -1   Recommended max number of threads: 60
    Numa nodes:
      Node  0 (120417976320 bytes mem):   0   1   2   3   4   5   6   7   8   9  10  11  12  13  14  15  16  17  18  19  20  21  22  23  24  25  26  27  28  29
      Node  1 (120486957056 bytes mem):  30  31  32  33  34  35  36  37  38  39  40  41  42  43  44  45  46  47  48  49  50  51  52  53  54  55  56  57  58  59
      Node  2 (120486957056 bytes mem):
      Node  3 (120442277888 bytes mem):
      Latency:
               0     1     2     3
         0  1.00  1.20  3.20  3.20
         1  1.20  1.00  3.20  3.20
         2  3.20  3.20  1.00  1.20
         3  3.20  3.20  1.20  1.00
    Caches:
      L1: 32768 bytes, linesize 64 bytes, assoc. 8, shared 1 ways
      L2: 524288 bytes, linesize 64 bytes, assoc. 8, shared 1 ways
      L3: 16777216 bytes, linesize 64 bytes, assoc. 16, shared 30 ways
    PCI devices:
      9319:00:00.0  Id: 1414:b111  Class: 0x0108  Numa: 0
      b25e:00:02.0  Id: 15b3:1016  Class: 0x0200  Numa: 0
      0101:00:00.0  Id: 15b3:101c  Class: 0x0207  Numa: 1


++++ PLEASE READ AND CITE THE FOLLOWING REFERENCE ++++
M. J. Abraham, T. Murtola, R. Schulz, S. Páll, J. C. Smith, B. Hess, E.
Lindahl
GROMACS: High performance molecular simulations through multi-level
parallelism from laptops to supercomputers
SoftwareX 1 (2015) pp. 19-25
-------- -------- --- Thank You --- -------- --------


++++ PLEASE READ AND CITE THE FOLLOWING REFERENCE ++++
S. Páll, M. J. Abraham, C. Kutzner, B. Hess, E. Lindahl
Tackling Exascale Software Challenges in Molecular Dynamics Simulations with
GROMACS
In S. Markidis & E. Laure (Eds.), Solving Software Challenges for Exascale 8759 (2015) pp. 3-27
-------- -------- --- Thank You --- -------- --------


++++ PLEASE READ AND CITE THE FOLLOWING REFERENCE ++++
S. Pronk, S. Páll, R. Schulz, P. Larsson, P. Bjelkmar, R. Apostolov, M. R.
Shirts, J. C. Smith, P. M. Kasson, D. van der Spoel, B. Hess, and E. Lindahl
GROMACS 4.5: a high-throughput and highly parallel open source molecular
simulation toolkit
Bioinformatics 29 (2013) pp. 845-54
-------- -------- --- Thank You --- -------- --------


++++ PLEASE READ AND CITE THE FOLLOWING REFERENCE ++++
B. Hess and C. Kutzner and D. van der Spoel and E. Lindahl
GROMACS 4: Algorithms for highly efficient, load-balanced, and scalable
molecular simulation
J. Chem. Theory Comput. 4 (2008) pp. 435-447
-------- -------- --- Thank You --- -------- --------


++++ PLEASE READ AND CITE THE FOLLOWING REFERENCE ++++
D. van der Spoel, E. Lindahl, B. Hess, G. Groenhof, A. E. Mark and H. J. C.
Berendsen
GROMACS: Fast, Flexible and Free
J. Comp. Chem. 26 (2005) pp. 1701-1719
-------- -------- --- Thank You --- -------- --------


++++ PLEASE READ AND CITE THE FOLLOWING REFERENCE ++++
E. Lindahl and B. Hess and D. van der Spoel
GROMACS 3.0: A package for molecular simulation and trajectory analysis
J. Mol. Mod. 7 (2001) pp. 306-317
-------- -------- --- Thank You --- -------- --------


++++ PLEASE READ AND CITE THE FOLLOWING REFERENCE ++++
H. J. C. Berendsen, D. van der Spoel and R. van Drunen
GROMACS: A message-passing parallel molecular dynamics implementation
Comp. Phys. Comm. 91 (1995) pp. 43-56
-------- -------- --- Thank You --- -------- --------

Input Parameters:
   integrator                     = md
   tinit                          = 0
   dt                             = 0.002
   nsteps                         = 2500
   init-step                      = 0
   simulation-part                = 1
   mts                            = false
   comm-mode                      = Linear
   nstcomm                        = 100
   bd-fric                        = 0
   ld-seed                        = 2077753083
   emtol                          = 10
   emstep                         = 0.01
   niter                          = 20
   fcstep                         = 0
   nstcgsteep                     = 1000
   nbfgscorr                      = 10
   rtpi                           = 0.05
   nstxout                        = 0
   nstvout                        = 0
   nstfout                        = 0
   nstlog                         = 100
   nstcalcenergy                  = 100
   nstenergy                      = 100
   nstxout-compressed             = 500
   compressed-x-precision         = 1000
   cutoff-scheme                  = Verlet
   nstlist                        = 20
   pbc                            = xyz
   periodic-molecules             = false
   verlet-buffer-tolerance        = 0.005
   rlist                          = 0.834
   coulombtype                    = PME
   coulomb-modifier               = Potential-shift
   rcoulomb-switch                = 0
   rcoulomb                       = 0.8
   epsilon-r                      = 1
   epsilon-rf                     = inf
   vdw-type                       = Cut-off
   vdw-modifier                   = Potential-shift
   rvdw-switch                    = 0
   rvdw                           = 0.8
   DispCorr                       = EnerPres
   table-extension                = 1
   fourierspacing                 = 0.12
   fourier-nx                     = 72
   fourier-ny                     = 72
   fourier-nz                     = 72
   pme-order                      = 4
   ewald-rtol                     = 1e-05
   ewald-rtol-lj                  = 0.001
   lj-pme-comb-rule               = Geometric
   ewald-geometry                 = 3d
   epsilon-surface                = 0
   ensemble-temperature-setting   = variable
   ensemble-temperature           = -1
   tcoupl                         = V-rescale
   nsttcouple                     = 100
   nh-chain-length                = 0
   print-nose-hoover-chain-variables = false
   pcoupl                         = No
   pcoupltype                     = Isotropic
   nstpcouple                     = -1
   tau-p                          = 1
   compressibility (3x3):
      compressibility[    0]={ 0.00000e+00,  0.00000e+00,  0.00000e+00}
      compressibility[    1]={ 0.00000e+00,  0.00000e+00,  0.00000e+00}
      compressibility[    2]={ 0.00000e+00,  0.00000e+00,  0.00000e+00}
   ref-p (3x3):
      ref-p[    0]={ 0.00000e+00,  0.00000e+00,  0.00000e+00}
      ref-p[    1]={ 0.00000e+00,  0.00000e+00,  0.00000e+00}
      ref-p[    2]={ 0.00000e+00,  0.00000e+00,  0.00000e+00}
   refcoord-scaling               = COM
   posres-com (3):
      posres-com[0]= 5.02984e-01
      posres-com[1]= 5.61817e-01
      posres-com[2]= 5.36510e-01
   posres-comB (3):
      posres-comB[0]= 5.02984e-01
      posres-comB[1]= 5.61817e-01
      posres-comB[2]= 5.36510e-01
   QMMM                           = false
qm-opts:
   ngQM                           = 0
   constraint-algorithm           = Lincs
   continuation                   = false
   Shake-SOR                      = false
   shake-tol                      = 0.0001
   lincs-order                    = 4
   lincs-iter                     = 1
   lincs-warnangle                = 30
   nwall                          = 0
   wall-type                      = 9-3
   wall-r-linpot                  = -1
   wall-atomtype[0]               = -1
   wall-atomtype[1]               = -1
   wall-density[0]                = 0
   wall-density[1]                = 0
   wall-ewald-zfac                = 3
   pull                           = false
   awh                            = false
   rotation                       = false
   interactiveMD                  = false
   disre                          = No
   disre-weighting                = Conservative
   disre-mixed                    = false
   dr-fc                          = 1000
   dr-tau                         = 0
   nstdisreout                    = 100
   orire-fc                       = 0
   orire-tau                      = 0
   nstorireout                    = 100
   free-energy                    = no
   cos-acceleration               = 0
   deform (3x3):
      deform[    0]={ 0.00000e+00,  0.00000e+00,  0.00000e+00}
      deform[    1]={ 0.00000e+00,  0.00000e+00,  0.00000e+00}
      deform[    2]={ 0.00000e+00,  0.00000e+00,  0.00000e+00}
   simulated-tempering            = false
   swapcoords                     = no
   userint1                       = 0
   userint2                       = 0
   userint3                       = 0
   userint4                       = 0
   userreal1                      = 0
   userreal2                      = 0
   userreal3                      = 0
   userreal4                      = 0
   applied-forces:
     electric-field:
       x:
         E0                       = 0
         omega                    = 0
         t0                       = 0
         sigma                    = 0
       y:
         E0                       = 0
         omega                    = 0
         t0                       = 0
         sigma                    = 0
       z:
         E0                       = 0
         omega                    = 0
         t0                       = 0
         sigma                    = 0
     density-guided-simulation:
       active                     = false
       group                      = protein
       similarity-measure         = inner-product
       atom-spreading-weight      = unity
       force-constant             = 1e+09
       gaussian-transform-spreading-width = 0.2
       gaussian-transform-spreading-range-in-multiples-of-width = 4
       reference-density-filename = reference.mrc
       nst                        = 1
       normalize-densities        = true
       adaptive-force-scaling     = false
       adaptive-force-scaling-time-constant = 4
       shift-vector               = 
       transformation-matrix      = 
     qmmm-cp2k:
       active                     = false
       qmgroup                    = System
       qmmethod                   = PBE
       qmfilenames                = 
       qmcharge                   = 0
       qmmultiplicity             = 1
grpopts:
   nrdf:      114537
   ref-t:         300
   tau-t:           1
annealing:      Single
annealing-npoints:           2
annealing-time [0]:	         0.0         5.0
annealing-temp [0]:	         0.0       300.0
   acc:	           0           0           0
   nfreeze:           N           N           N
   energygrp-flags[  0]: 0

Changing nstlist from 20 to 40, rlist from 0.834 to 0.902

Update groups can not be used for this system because atoms that are (in)directly constrained together are interdispersed with other atoms

Initializing Domain Decomposition on 60 ranks
Dynamic load balancing: auto
Minimum cell size due to atom displacement: 0.422 nm
Initial maximum distances in bonded interactions:
    two-body bonded interactions: 0.427 nm, LJ-14, atoms 1424 1432
  multi-body bonded interactions: 0.427 nm, Proper Dih., atoms 1424 1432
Minimum cell size due to bonded interactions: 0.469 nm
Maximum distance for 5 constraints, at 120 deg. angles, all-trans: 0.219 nm
Estimated maximum distance required for P-LINCS: 0.219 nm
Scaling the initial minimum size with 1/0.8 (option -dds) = 1.25
Guess for relative PME load: 0.31
Will use 40 particle-particle and 20 PME only ranks
This is a guess, check the performance at the end of the log file
Using 20 separate PME ranks, as guessed by mdrun
Optimizing the DD grid for 40 cells with a minimum initial size of 0.587 nm
The maximum allowed number of cells is: X 14 Y 14 Z 14
Domain decomposition grid 5 x 4 x 2, separate PME ranks 20
PME domain decomposition: 5 x 4 x 1
Interleaving PP and PME ranks
This rank does only particle-particle work.
Domain decomposition rank 0, coordinates 0 0 0

The initial number of communication pulses is: X 1 Y 1 Z 1
The initial domain decomposition cell size is: X 1.66 nm Y 2.08 nm Z 4.15 nm

The maximum allowed distance for atoms involved in interactions is:
                 non-bonded interactions           0.902 nm
            two-body bonded interactions  (-rdd)   0.902 nm
          multi-body bonded interactions  (-rdd)   0.902 nm
  atoms separated by up to 5 constraints  (-rcon)  1.661 nm

When dynamic load balancing gets turned on, these settings will change to:
The maximum number of communication pulses is: X 1 Y 1 Z 1
The minimum size for domain decomposition cells is 0.902 nm
The requested allowed shrink of DD cells (option -dds) is: 0.80
The allowed shrink of domain decomposition cells is: X 0.54 Y 0.43 Z 0.22
The maximum allowed distance for atoms involved in interactions is:
                 non-bonded interactions           0.902 nm
            two-body bonded interactions  (-rdd)   0.902 nm
          multi-body bonded interactions  (-rdd)   0.902 nm
  atoms separated by up to 5 constraints  (-rcon)  0.902 nm

Using 60 MPI processes

Non-default thread affinity set, disabling internal thread affinity

Using 1 OpenMP thread per MPI process

System total charge: 0.000
Will do PME sum in reciprocal space for electrostatic interactions.

++++ PLEASE READ AND CITE THE FOLLOWING REFERENCE ++++
U. Essmann, L. Perera, M. L. Berkowitz, T. Darden, H. Lee and L. G. Pedersen 
A smooth particle mesh Ewald method
J. Chem. Phys. 103 (1995) pp. 8577-8592
-------- -------- --- Thank You --- -------- --------

Using a Gaussian width (1/beta) of 0.25613 nm for Ewald
Potential shift: LJ r^-12: -1.455e+01 r^-6: -3.815e+00, Ewald -1.250e-05
Initialized non-bonded Coulomb Ewald tables, spacing: 8.35e-04 size: 960

Generated table with 951 data points for 1-4 COUL.
Tabscale = 500 points/nm
Generated table with 951 data points for 1-4 LJ6.
Tabscale = 500 points/nm
Generated table with 951 data points for 1-4 LJ12.
Tabscale = 500 points/nm
Long Range LJ corr.: <C6> 3.1791e-04


Using SIMD 4x8 nonbonded short-range kernels

Using a dual 4x8 pair-list setup updated with dynamic pruning:
  outer list: updated every 40 steps, buffer 0.102 nm, rlist 0.902 nm
  inner list: updated every 11 steps, buffer 0.003 nm, rlist 0.803 nm
At tolerance 0.005 kJ/mol/ps per atom, equivalent classical 1x1 list would be:
  outer list: updated every 40 steps, buffer 0.211 nm, rlist 1.011 nm
  inner list: updated every 11 steps, buffer 0.041 nm, rlist 0.841 nm

The non-bonded pair calculation algorithm tolerates a few missing pair interactions close to the cut-off. This can lead to a systematic overestimation of the pressure due to missing LJ interactions. The error in the average pressure due to missing LJ interactions is at most 0.79 bar.
The pressure error can be controlled by setting the environment variable GMX_VERLET_BUFFER_PRESSURE_TOLERANCE to the allowed error in units of bar.

Using Lorentz-Berthelot Lennard-Jones combination rule
Removing pbc first time

Linking all bonded interactions to atoms


Initializing Parallel LINear Constraint Solver

++++ PLEASE READ AND CITE THE FOLLOWING REFERENCE ++++
B. Hess
P-LINCS: A Parallel Linear Constraint Solver for molecular simulation
J. Chem. Theory Comput. 4 (2008) pp. 116-122
-------- -------- --- Thank You --- -------- --------

The number of constraints is 2319
There are constraints between atoms in different decomposition domains,
will communicate selected coordinates each lincs iteration

++++ PLEASE READ AND CITE THE FOLLOWING REFERENCE ++++
S. Miyamoto and P. A. Kollman
SETTLE: An Analytical Version of the SHAKE and RATTLE Algorithms for Rigid
Water Models
J. Comp. Chem. 13 (1992) pp. 952-962
-------- -------- --- Thank You --- -------- --------


Intra-simulation communication will occur every 100 steps.

++++ PLEASE READ AND CITE THE FOLLOWING REFERENCE ++++
G. Bussi, D. Donadio and M. Parrinello
Canonical sampling through velocity rescaling
J. Chem. Phys. 126 (2007) pp. 014101
-------- -------- --- Thank You --- -------- --------

There are: 56039 Atoms
Atom distribution over 40 domains: av 1400 stddev 67 min 1313 max 1487

Constraining the starting coordinates (step 0)

Constraining the coordinates at t0-dt (step 0)
Center of mass motion removal mode is Linear
We have the following groups for center of mass motion removal:
  0:  rest
RMS relative constraint deviation after constraining: 1.15e-06
Initial temperature: 3.77004e-07 K

Started mdrun on rank 0 Thu Aug 15 15:22:09 2024

           Step           Time
              0        0.00000

Current ref_t for group System:      0.0

   Energies (kJ/mol)
           Bond          Angle    Proper Dih. Per. Imp. Dih.          LJ-14
    7.51571e+02    3.19618e+03    1.34185e+04    1.37332e+02    3.96594e+03
     Coulomb-14        LJ (SR)  Disper. corr.   Coulomb (SR)   Coul. recip.
    4.76579e+04    1.46000e+05   -1.42217e+04   -1.13821e+06    9.46147e+03
 Position Rest.      Potential    Kinetic En.   Total Energy  Conserved En.
    1.30471e+00   -9.27838e+05    1.99497e+01   -9.27818e+05   -9.27818e+05
    Temperature Pres. DC (bar) Pressure (bar)   Constr. rmsd
    4.18974e-02   -4.13164e+02   -4.42787e+03    1.19993e-06


DD  step 39 load imb.: force 22.6%  pme mesh/force 1.087

step 80 Turning on dynamic load balancing, because the performance loss due to load imbalance is 13.5 %.
           Step           Time
            100        0.20000

Current ref_t for group System:     12.0

   Energies (kJ/mol)
           Bond          Angle    Proper Dih. Per. Imp. Dih.          LJ-14
    6.91057e+02    3.19169e+03    1.34130e+04    1.35483e+02    3.96651e+03
     Coulomb-14        LJ (SR)  Disper. corr.   Coulomb (SR)   Coul. recip.
    4.76650e+04    1.47294e+05   -1.42217e+04   -1.14105e+06    9.31983e+03
 Position Rest.      Potential    Kinetic En.   Total Energy  Conserved En.
    1.88654e+01   -9.29573e+05    1.75076e+03   -9.27822e+05   -9.27826e+05
    Temperature Pres. DC (bar) Pressure (bar)   Constr. rmsd
    3.67686e+00   -4.13164e+02   -4.34762e+03    1.23392e-06


DD  step 199  vol min/aver 0.909  load imb.: force 11.0%  pme mesh/force 1.019
           Step           Time
            200        0.40000

Current ref_t for group System:     24.0

   Energies (kJ/mol)
           Bond          Angle    Proper Dih. Per. Imp. Dih.          LJ-14
    6.93222e+02    3.20198e+03    1.34106e+04    1.33747e+02    3.96491e+03
     Coulomb-14        LJ (SR)  Disper. corr.   Coulomb (SR)   Coul. recip.
    4.76728e+04    1.48371e+05   -1.42217e+04   -1.14282e+06    9.03674e+03
 Position Rest.      Potential    Kinetic En.   Total Energy  Conserved En.
    4.02445e+01   -9.30516e+05    3.42906e+03   -9.27086e+05   -9.27824e+05
    Temperature Pres. DC (bar) Pressure (bar)   Constr. rmsd
    7.20153e+00   -4.13164e+02   -4.24935e+03    1.26446e-06

           Step           Time
            300        0.60000

Current ref_t for group System:     36.0

   Energies (kJ/mol)
           Bond          Angle    Proper Dih. Per. Imp. Dih.          LJ-14
    7.04339e+02    3.21397e+03    1.34033e+04    1.37054e+02    3.96534e+03
     Coulomb-14        LJ (SR)  Disper. corr.   Coulomb (SR)   Coul. recip.
    4.76398e+04    1.49234e+05   -1.42217e+04   -1.14365e+06    8.76398e+03
 Position Rest.      Potential    Kinetic En.   Total Energy  Conserved En.
    6.24418e+01   -9.30750e+05    5.12768e+03   -9.25623e+05   -9.27824e+05
    Temperature Pres. DC (bar) Pressure (bar)   Constr. rmsd
    1.07689e+01   -4.13164e+02   -4.06275e+03    1.34270e-06


DD  step 399  vol min/aver 0.845  load imb.: force 11.2%  pme mesh/force 1.040
           Step           Time
            400        0.80000

Current ref_t for group System:     48.0

   Energies (kJ/mol)
           Bond          Angle    Proper Dih. Per. Imp. Dih.          LJ-14
    7.14333e+02    3.21585e+03    1.34159e+04    1.36222e+02    3.97263e+03
     Coulomb-14        LJ (SR)  Disper. corr.   Coulomb (SR)   Coul. recip.
    4.76569e+04    1.49410e+05   -1.42217e+04   -1.14352e+06    8.64641e+03
 Position Rest.      Potential    Kinetic En.   Total Energy  Conserved En.
    8.51159e+01   -9.30493e+05    7.09574e+03   -9.23397e+05   -9.27821e+05
    Temperature Pres. DC (bar) Pressure (bar)   Constr. rmsd
    1.49021e+01   -4.13164e+02   -3.95157e+03    1.35918e-06

           Step           Time
            500        1.00000

Current ref_t for group System:     60.0

   Energies (kJ/mol)
           Bond          Angle    Proper Dih. Per. Imp. Dih.          LJ-14
    7.16412e+02    3.23196e+03    1.34086e+04    1.30183e+02    3.97544e+03
     Coulomb-14        LJ (SR)  Disper. corr.   Coulomb (SR)   Coul. recip.
    4.76529e+04    1.50269e+05   -1.42217e+04   -1.14359e+06    8.53404e+03
 Position Rest.      Potential    Kinetic En.   Total Energy  Conserved En.
    1.10582e+02   -9.29787e+05    9.23643e+03   -9.20550e+05   -9.27820e+05
    Temperature Pres. DC (bar) Pressure (bar)   Constr. rmsd
    1.93979e+01   -4.13164e+02   -3.81808e+03    1.36267e-06


DD  step 599  vol min/aver 0.831  load imb.: force  5.5%  pme mesh/force 1.094
           Step           Time
            600        1.20000

Current ref_t for group System:     72.0

   Energies (kJ/mol)
           Bond          Angle    Proper Dih. Per. Imp. Dih.          LJ-14
    7.33340e+02    3.27345e+03    1.34074e+04    1.32966e+02    3.96884e+03
     Coulomb-14        LJ (SR)  Disper. corr.   Coulomb (SR)   Coul. recip.
    4.76522e+04    1.50518e+05   -1.42217e+04   -1.14276e+06    8.38596e+03
 Position Rest.      Potential    Kinetic En.   Total Energy  Conserved En.
    1.41978e+02   -9.28772e+05    1.17591e+04   -9.17013e+05   -9.27819e+05
    Temperature Pres. DC (bar) Pressure (bar)   Constr. rmsd
    2.46959e+01   -4.13164e+02   -3.78240e+03    1.43877e-06

           Step           Time
            700        1.40000

Current ref_t for group System:     84.0

   Energies (kJ/mol)
           Bond          Angle    Proper Dih. Per. Imp. Dih.          LJ-14
    7.26446e+02    3.29849e+03    1.34010e+04    1.31224e+02    3.97430e+03
     Coulomb-14        LJ (SR)  Disper. corr.   Coulomb (SR)   Coul. recip.
    4.76621e+04    1.50905e+05   -1.42217e+04   -1.14165e+06    8.27685e+03
 Position Rest.      Potential    Kinetic En.   Total Energy  Conserved En.
    1.58470e+02   -9.27333e+05    1.44059e+04   -9.12927e+05   -9.27816e+05
    Temperature Pres. DC (bar) Pressure (bar)   Constr. rmsd
    3.02545e+01   -4.13164e+02   -3.59658e+03    1.46605e-06


DD  step 799  vol min/aver 0.840  load imb.: force  7.8%  pme mesh/force 1.115
           Step           Time
            800        1.60000

Current ref_t for group System:     96.0

   Energies (kJ/mol)
           Bond          Angle    Proper Dih. Per. Imp. Dih.          LJ-14
    7.49728e+02    3.29378e+03    1.34208e+04    1.34771e+02    3.98280e+03
     Coulomb-14        LJ (SR)  Disper. corr.   Coulomb (SR)   Coul. recip.
    4.76522e+04    1.51190e+05   -1.42217e+04   -1.13993e+06    8.23208e+03
 Position Rest.      Potential    Kinetic En.   Total Energy  Conserved En.
    1.95161e+02   -9.25305e+05    1.70695e+04   -9.08235e+05   -9.27812e+05
    Temperature Pres. DC (bar) Pressure (bar)   Constr. rmsd
    3.58485e+01   -4.13164e+02   -3.38355e+03    1.46612e-06

           Step           Time
            900        1.80000

Current ref_t for group System:    108.0

   Energies (kJ/mol)
           Bond          Angle    Proper Dih. Per. Imp. Dih.          LJ-14
    7.69739e+02    3.30456e+03    1.34141e+04    1.38258e+02    3.98432e+03
     Coulomb-14        LJ (SR)  Disper. corr.   Coulomb (SR)   Coul. recip.
    4.76488e+04    1.51030e+05   -1.42217e+04   -1.13768e+06    8.22992e+03
 Position Rest.      Potential    Kinetic En.   Total Energy  Conserved En.
    2.52940e+02   -9.23131e+05    2.02125e+04   -9.02918e+05   -9.27811e+05
    Temperature Pres. DC (bar) Pressure (bar)   Constr. rmsd
    4.24493e+01   -4.13164e+02   -3.34327e+03    1.56646e-06


DD  step 999  vol min/aver 0.827  load imb.: force  3.4%  pme mesh/force 1.137
           Step           Time
           1000        2.00000

Current ref_t for group System:    120.0

   Energies (kJ/mol)
           Bond          Angle    Proper Dih. Per. Imp. Dih.          LJ-14
    7.77884e+02    3.33155e+03    1.34227e+04    1.37140e+02    3.98820e+03
     Coulomb-14        LJ (SR)  Disper. corr.   Coulomb (SR)   Coul. recip.
    4.76590e+04    1.52769e+05   -1.42217e+04   -1.13662e+06    8.15067e+03
 Position Rest.      Potential    Kinetic En.   Total Energy  Conserved En.
    2.79775e+02   -9.20328e+05    2.31065e+04   -8.97222e+05   -9.27803e+05
    Temperature Pres. DC (bar) Pressure (bar)   Constr. rmsd
    4.85270e+01   -4.13164e+02   -2.95321e+03    1.58335e-06

           Step           Time
           1100        2.20000

Current ref_t for group System:    132.0

   Energies (kJ/mol)
           Bond          Angle    Proper Dih. Per. Imp. Dih.          LJ-14
    7.82437e+02    3.38370e+03    1.34368e+04    1.38720e+02    3.99104e+03
     Coulomb-14        LJ (SR)  Disper. corr.   Coulomb (SR)   Coul. recip.
    4.77053e+04    1.52731e+05   -1.42217e+04   -1.13429e+06    8.11286e+03
 Position Rest.      Potential    Kinetic En.   Total Energy  Conserved En.
    3.21281e+02   -9.17909e+05    2.70472e+04   -8.90862e+05   -9.27801e+05
    Temperature Pres. DC (bar) Pressure (bar)   Constr. rmsd
    5.68032e+01   -4.13164e+02   -2.81844e+03    1.63114e-06


DD  step 1199  vol min/aver 0.820  load imb.: force  2.5%  pme mesh/force 1.079
           Step           Time
           1200        2.40000

Current ref_t for group System:    144.0

   Energies (kJ/mol)
           Bond          Angle    Proper Dih. Per. Imp. Dih.          LJ-14
    8.06167e+02    3.39068e+03    1.34561e+04    1.42414e+02    4.00298e+03
     Coulomb-14        LJ (SR)  Disper. corr.   Coulomb (SR)   Coul. recip.
    4.76524e+04    1.52782e+05   -1.42217e+04   -1.13118e+06    8.03292e+03
 Position Rest.      Potential    Kinetic En.   Total Energy  Conserved En.
    3.77007e+02   -9.14762e+05    3.03091e+04   -8.84453e+05   -9.27793e+05
    Temperature Pres. DC (bar) Pressure (bar)   Constr. rmsd
    6.36536e+01   -4.13164e+02   -2.58666e+03    1.58985e-06

           Step           Time
           1300        2.60000

Current ref_t for group System:    156.0

   Energies (kJ/mol)
           Bond          Angle    Proper Dih. Per. Imp. Dih.          LJ-14
    8.36399e+02    3.47427e+03    1.34505e+04    1.43840e+02    3.97881e+03
     Coulomb-14        LJ (SR)  Disper. corr.   Coulomb (SR)   Coul. recip.
    4.76505e+04    1.52438e+05   -1.42217e+04   -1.12796e+06    8.15514e+03
 Position Rest.      Potential    Kinetic En.   Total Energy  Conserved En.
    4.36180e+02   -9.11614e+05    3.41937e+04   -8.77420e+05   -9.27785e+05
    Temperature Pres. DC (bar) Pressure (bar)   Constr. rmsd
    7.18119e+01   -4.13164e+02   -2.55460e+03    1.64667e-06


DD  step 1399  vol min/aver 0.819  load imb.: force  2.5%  pme mesh/force 1.071
           Step           Time
           1400        2.80000

Current ref_t for group System:    168.0

   Energies (kJ/mol)
           Bond          Angle    Proper Dih. Per. Imp. Dih.          LJ-14
    8.54963e+02    3.50527e+03    1.34653e+04    1.52863e+02    3.99365e+03
     Coulomb-14        LJ (SR)  Disper. corr.   Coulomb (SR)   Coul. recip.
    4.76893e+04    1.53566e+05   -1.42217e+04   -1.12594e+06    8.23022e+03
 Position Rest.      Potential    Kinetic En.   Total Energy  Conserved En.
    5.15950e+02   -9.08192e+05    3.81081e+04   -8.70084e+05   -9.27776e+05
    Temperature Pres. DC (bar) Pressure (bar)   Constr. rmsd
    8.00326e+01   -4.13164e+02   -2.20561e+03    1.69435e-06

           Step           Time
           1500        3.00000

Current ref_t for group System:    180.0

   Energies (kJ/mol)
           Bond          Angle    Proper Dih. Per. Imp. Dih.          LJ-14
    8.52285e+02    3.51884e+03    1.34839e+04    1.63677e+02    4.02516e+03
     Coulomb-14        LJ (SR)  Disper. corr.   Coulomb (SR)   Coul. recip.
    4.77239e+04    1.52503e+05   -1.42217e+04   -1.12097e+06    8.20125e+03
 Position Rest.      Potential    Kinetic En.   Total Energy  Conserved En.
    5.63016e+02   -9.04154e+05    4.17821e+04   -8.62372e+05   -9.27770e+05
    Temperature Pres. DC (bar) Pressure (bar)   Constr. rmsd
    8.77486e+01   -4.13164e+02   -1.96568e+03    1.71886e-06


DD  step 1599  vol min/aver 0.818  load imb.: force  2.0%  pme mesh/force 1.072
           Step           Time
           1600        3.20000

Current ref_t for group System:    192.0

   Energies (kJ/mol)
           Bond          Angle    Proper Dih. Per. Imp. Dih.          LJ-14
    8.78944e+02    3.59991e+03    1.34795e+04    1.54057e+02    4.01830e+03
     Coulomb-14        LJ (SR)  Disper. corr.   Coulomb (SR)   Coul. recip.
    4.76390e+04    1.51149e+05   -1.42217e+04   -1.11613e+06    8.37418e+03
 Position Rest.      Potential    Kinetic En.   Total Energy  Conserved En.
    6.04672e+02   -9.00450e+05    4.59105e+04   -8.54540e+05   -9.27757e+05
    Temperature Pres. DC (bar) Pressure (bar)   Constr. rmsd
    9.64188e+01   -4.13164e+02   -2.13308e+03    1.72177e-06

           Step           Time
           1700        3.40000

Current ref_t for group System:    204.0

   Energies (kJ/mol)
           Bond          Angle    Proper Dih. Per. Imp. Dih.          LJ-14
    9.21528e+02    3.70117e+03    1.34874e+04    1.67596e+02    4.00342e+03
     Coulomb-14        LJ (SR)  Disper. corr.   Coulomb (SR)   Coul. recip.
    4.76988e+04    1.50556e+05   -1.42217e+04   -1.11165e+06    8.54430e+03
 Position Rest.      Potential    Kinetic En.   Total Energy  Conserved En.
    6.76682e+02   -8.96115e+05    4.98537e+04   -8.46261e+05   -9.27745e+05
    Temperature Pres. DC (bar) Pressure (bar)   Constr. rmsd
    1.04700e+02   -4.13164e+02   -2.18588e+03    1.73227e-06


DD  step 1799  vol min/aver 0.819  load imb.: force  4.4%  pme mesh/force 1.059
           Step           Time
           1800        3.60000

Current ref_t for group System:    216.0

   Energies (kJ/mol)
           Bond          Angle    Proper Dih. Per. Imp. Dih.          LJ-14
    9.14898e+02    3.71366e+03    1.34956e+04    1.74952e+02    4.05535e+03
     Coulomb-14        LJ (SR)  Disper. corr.   Coulomb (SR)   Coul. recip.
    4.76754e+04    1.48587e+05   -1.42217e+04   -1.10539e+06    8.56390e+03
 Position Rest.      Potential    Kinetic En.   Total Energy  Conserved En.
    7.26915e+02   -8.91707e+05    5.41957e+04   -8.37511e+05   -9.27736e+05
    Temperature Pres. DC (bar) Pressure (bar)   Constr. rmsd
    1.13819e+02   -4.13164e+02   -1.92582e+03    1.78848e-06

           Step           Time
           1900        3.80000

Current ref_t for group System:    228.0

   Energies (kJ/mol)
           Bond          Angle    Proper Dih. Per. Imp. Dih.          LJ-14
    1.01012e+03    3.78457e+03    1.35199e+04    1.80205e+02    4.02961e+03
     Coulomb-14        LJ (SR)  Disper. corr.   Coulomb (SR)   Coul. recip.
    4.76008e+04    1.47497e+05   -1.42217e+04   -1.09969e+06    8.72185e+03
 Position Rest.      Potential    Kinetic En.   Total Energy  Conserved En.
    8.30584e+02   -8.86734e+05    5.78119e+04   -8.28922e+05   -9.27718e+05
    Temperature Pres. DC (bar) Pressure (bar)   Constr. rmsd
    1.21414e+02   -4.13164e+02   -1.69737e+03    1.79515e-06


DD  step 1999  vol min/aver 0.821  load imb.: force  2.5%  pme mesh/force 1.077
           Step           Time
           2000        4.00000

Current ref_t for group System:    240.0

   Energies (kJ/mol)
           Bond          Angle    Proper Dih. Per. Imp. Dih.          LJ-14
    9.79745e+02    3.88965e+03    1.35298e+04    1.93574e+02    4.06536e+03
     Coulomb-14        LJ (SR)  Disper. corr.   Coulomb (SR)   Coul. recip.
    4.76720e+04    1.46092e+05   -1.42217e+04   -1.09438e+06    8.86331e+03
 Position Rest.      Potential    Kinetic En.   Total Energy  Conserved En.
    8.81534e+02   -8.82430e+05    6.26547e+04   -8.19776e+05   -9.27710e+05
    Temperature Pres. DC (bar) Pressure (bar)   Constr. rmsd
    1.31584e+02   -4.13164e+02   -1.73991e+03    1.74268e-06

           Step           Time
           2100        4.20000

Current ref_t for group System:    252.0

   Energies (kJ/mol)
           Bond          Angle    Proper Dih. Per. Imp. Dih.          LJ-14
    1.02115e+03    3.95951e+03    1.35261e+04    1.90115e+02    4.07364e+03
     Coulomb-14        LJ (SR)  Disper. corr.   Coulomb (SR)   Coul. recip.
    4.77661e+04    1.44979e+05   -1.42217e+04   -1.08920e+06    9.08549e+03
 Position Rest.      Potential    Kinetic En.   Total Energy  Conserved En.
    9.67151e+02   -8.77857e+05    6.73287e+04   -8.10528e+05   -9.27697e+05
    Temperature Pres. DC (bar) Pressure (bar)   Constr. rmsd
    1.41400e+02   -4.13164e+02   -1.61048e+03    1.75363e-06


DD  step 2199  vol min/aver 0.813  load imb.: force  3.0%  pme mesh/force 1.065
           Step           Time
           2200        4.40000

Current ref_t for group System:    264.0

   Energies (kJ/mol)
           Bond          Angle    Proper Dih. Per. Imp. Dih.          LJ-14
    1.10133e+03    4.05737e+03    1.36133e+04    2.16881e+02    4.00028e+03
     Coulomb-14        LJ (SR)  Disper. corr.   Coulomb (SR)   Coul. recip.
    4.76204e+04    1.44435e+05   -1.42217e+04   -1.08322e+06    9.27009e+03
 Position Rest.      Potential    Kinetic En.   Total Energy  Conserved En.
    1.01745e+03   -8.72111e+05    7.09371e+04   -8.01174e+05   -9.27683e+05
    Temperature Pres. DC (bar) Pressure (bar)   Constr. rmsd
    1.48978e+02   -4.13164e+02   -1.40033e+03    1.76930e-06

           Step           Time
           2300        4.60000

Current ref_t for group System:    276.0

   Energies (kJ/mol)
           Bond          Angle    Proper Dih. Per. Imp. Dih.          LJ-14
    1.12554e+03    4.11444e+03    1.35917e+04    2.12420e+02    4.07819e+03
     Coulomb-14        LJ (SR)  Disper. corr.   Coulomb (SR)   Coul. recip.
    4.76750e+04    1.42351e+05   -1.42217e+04   -1.07673e+06    9.56921e+03
 Position Rest.      Potential    Kinetic En.   Total Energy  Conserved En.
    1.12757e+03   -8.67105e+05    7.56472e+04   -7.91457e+05   -9.27681e+05
    Temperature Pres. DC (bar) Pressure (bar)   Constr. rmsd
    1.58870e+02   -4.13164e+02   -1.33594e+03    1.79184e-06


DD  step 2399  vol min/aver 0.817  load imb.: force  5.2%  pme mesh/force 1.078
           Step           Time
           2400        4.80000

Current ref_t for group System:    288.0

   Energies (kJ/mol)
           Bond          Angle    Proper Dih. Per. Imp. Dih.          LJ-14
    1.15377e+03    4.24240e+03    1.36056e+04    2.19166e+02    4.08146e+03
     Coulomb-14        LJ (SR)  Disper. corr.   Coulomb (SR)   Coul. recip.
    4.76444e+04    1.42024e+05   -1.42217e+04   -1.07121e+06    9.83512e+03
 Position Rest.      Potential    Kinetic En.   Total Energy  Conserved En.
    1.12133e+03   -8.61500e+05    8.04494e+04   -7.81051e+05   -9.27679e+05
    Temperature Pres. DC (bar) Pressure (bar)   Constr. rmsd
    1.68956e+02   -4.13164e+02   -1.20530e+03    1.81160e-06


DD  step 2479  vol min/aver 0.823  load imb.: force  5.3%  pme mesh/force 1.097
           Step           Time
           2500        5.00000

Writing checkpoint, step 2500 at Thu Aug 15 15:22:11 2024


Current ref_t for group System:    300.0

   Energies (kJ/mol)
           Bond          Angle    Proper Dih. Per. Imp. Dih.          LJ-14
    1.22821e+03    4.33161e+03    1.35945e+04    2.27159e+02    4.06916e+03
     Coulomb-14        LJ (SR)  Disper. corr.   Coulomb (SR)   Coul. recip.
    4.75798e+04    1.38824e+05   -1.42217e+04   -1.06157e+06    9.97138e+03
 Position Rest.      Potential    Kinetic En.   Total Energy  Conserved En.
    1.25636e+03   -8.54713e+05    8.41987e+04   -7.70514e+05   -9.27669e+05
    Temperature Pres. DC (bar) Pressure (bar)   Constr. rmsd
    1.76830e+02   -4.13164e+02   -1.03520e+03    1.79727e-06


Energy conservation over simulation part #1 of length 5 ps, time 0 to 5 ps
  Conserved energy drift: 5.31e-04 kJ/mol/ps per atom

Current ref_t for group System:    300.0

	<======  ###############  ==>
	<====  A V E R A G E S  ====>
	<==  ###############  ======>

	Statistics over 2501 steps using 26 frames

   Energies (kJ/mol)
           Bond          Angle    Proper Dih. Per. Imp. Dih.          LJ-14
    8.65214e+02    3.55464e+03    1.34720e+04    1.60078e+02    4.00675e+03
     Coulomb-14        LJ (SR)  Disper. corr.   Coulomb (SR)   Coul. recip.
    4.76620e+04    1.48750e+05   -1.42217e+04   -1.11927e+06    8.71420e+03
 Position Rest.      Potential    Kinetic En.   Total Energy  Conserved En.
    4.91176e+02   -9.05815e+05    3.59093e+04   -8.69905e+05   -9.27769e+05
    Temperature Pres. DC (bar) Pressure (bar)   Constr. rmsd
    7.54148e+01   -4.13164e+02   -2.70448e+03    0.00000e+00

   Total Virial (kJ/mol)
    5.80811e+04   -7.74933e+02   -8.20590e+02
   -7.74726e+02    5.91241e+04   -4.88974e+02
   -8.21628e+02   -4.89309e+02    5.86755e+04

   Pressure (bar)
   -2.67020e+03    4.39559e+01    4.99359e+01
    4.39439e+01   -2.73124e+03    2.78718e+01
    4.99961e+01    2.78912e+01   -2.71201e+03


	M E G A - F L O P S   A C C O U N T I N G

 NB=Group-cutoff nonbonded kernels    NxN=N-by-N cluster Verlet kernels
 RF=Reaction-Field  VdW=Van der Waals  QSTab=quadratic-spline table
 W3=SPC/TIP3p  W4=TIP4p (single or pairs)
 V&F=Potential and force  V=Potential only  F=Force only

 Computing:                               M-Number         M-Flops  % Flops
-----------------------------------------------------------------------------
 Pair Search distance check            1101.787180        9916.085     0.3
 NxN Ewald Elec. + LJ [F]             27935.080208     1843715.294    49.9
 NxN Ewald Elec. + LJ [V&F]             293.547472       31409.580     0.8
 NxN Ewald Elec. [F]                  22757.552368     1388210.694    37.6
 NxN Ewald Elec. [V&F]                  239.076176       20082.399     0.5
 1,4 nonbonded interactions              30.789811        2771.083     0.1
 Calc Weights                           420.460617       15136.582     0.4
 Spread Q Bspline                      8969.826496       17939.653     0.5
 Gather F Bspline                      8969.826496       53818.959     1.5
 3D-FFT                               34557.497472      276459.980     7.5
 Solve PME                               51.860736        3319.087     0.1
 Reset In Box                             3.530457          10.591     0.0
 CG-CoM                                   3.586496          10.759     0.0
 Bonds                                    6.052420         357.093     0.0
 Angles                                  21.388552        3593.277     0.1
 Propers                                 37.399954        8564.589     0.2
 Impropers                                2.440976         507.723     0.0
 Pos. Restr.                             11.689674         584.484     0.0
 Virial                                   1.503814          27.069     0.0
 Stop-CM                                  1.513053          15.131     0.0
 Calc-Ekin                                2.914028          78.679     0.0
 Lincs                                    6.553880         393.233     0.0
 Lincs-Mat                               35.044020         140.176     0.0
 Constraint-V                           155.395722        1398.561     0.0
 Constraint-Vir                           1.546529          37.117     0.0
 Settle                                  47.449945       17556.480     0.5
-----------------------------------------------------------------------------
 Total                                                 3696054.356   100.0
-----------------------------------------------------------------------------


    D O M A I N   D E C O M P O S I T I O N   S T A T I S T I C S

 av. #atoms communicated per step for force:  2 x 91652.0
 av. #atoms communicated per step for LINCS:  2 x 6263.0


Dynamic load balancing report:
 DLB was turned on during the run due to measured imbalance.
 Average load imbalance: 6.9%.
 The balanceable part of the MD step is 76%, load imbalance is computed from this.
 Part of the total run time spent waiting due to load imbalance: 5.3%.
 Steps where the load balancing was limited by -rdd, -rcon and/or -dds: X 0 % Y 0 % Z 0 %
 Average PME mesh/force load: 1.062
 Part of the total run time spent waiting due to PP/PME imbalance: 3.3 %

NOTE: 5.3 % of the available CPU time was lost due to load imbalance
      in the domain decomposition.
      You can consider manually changing the decomposition (option -dd);
      e.g. by using fewer domains along the box dimension in which there is
      considerable inhomogeneity in the simulated system.

      R E A L   C Y C L E   A N D   T I M E   A C C O U N T I N G

On 40 MPI ranks doing PP, and
on 20 MPI ranks doing PME

 Activity:              Num   Num      Call    Wall time         Giga-Cycles
                        Ranks Threads  Count      (s)         total sum    %
--------------------------------------------------------------------------------
 Domain decomp.           40    1         63       0.080          7.778   2.0
 DD comm. load            40    1         31       0.000          0.016   0.0
 DD comm. bounds          40    1         21       0.001          0.055   0.0
 Send X to PME            40    1       2501       0.030          2.932   0.7
 Neighbor search          40    1         63       0.096          9.406   2.4
 Comm. coord.             40    1       2438       0.106         10.350   2.6
 Force                    40    1       2501       1.753        171.269  43.6
 Wait + Comm. F           40    1       2501       0.129         12.589   3.2
 PME mesh *               20    1       2501       2.066        100.935  25.7
 PME wait for PP *                                 0.607         29.666   7.6
 Wait + Recv. PME F       40    1       2501       0.101          9.907   2.5
 NB X/F buffer ops.       40    1       7377       0.043          4.212   1.1
 Write traj.              40    1          6       0.004          0.407   0.1
 Update                   40    1       2501       0.021          2.065   0.5
 Constraints              40    1       2503       0.224         21.882   5.6
 Comm. energies           40    1         26       0.084          8.250   2.1
 Rest                                              0.005          0.492   0.1
--------------------------------------------------------------------------------
 Total                                             2.677        392.416 100.0
--------------------------------------------------------------------------------
(*) Note that with separate PME ranks, the walltime column actually sums to
    twice the total reported, but the cycle count total and % are correct.
--------------------------------------------------------------------------------
 Breakdown of PME mesh activities
--------------------------------------------------------------------------------
 PME redist. X/F          20    1       5002       0.313         15.279   3.9
 PME spread               20    1       2501       0.382         18.653   4.8
 PME gather               20    1       2501       0.282         13.777   3.5
 PME 3D-FFT               20    1       5002       0.806         39.402  10.0
 PME 3D-FFT Comm.         20    1      10004       0.228         11.127   2.8
 PME solve Elec           20    1       2501       0.053          2.571   0.7
--------------------------------------------------------------------------------

               Core t (s)   Wall t (s)        (%)
       Time:      160.476        2.677     5994.3
                 (ns/day)    (hour/ns)
Performance:      161.430        0.149
Finished mdrun on rank 0 Thu Aug 15 15:22:11 2024

